{"/home/mstefanutti/personal-ws/users-api/src/Contexts/Auth/Shared/domain/Users/UserId.ts": {"path":"/home/mstefanutti/personal-ws/users-api/src/Contexts/Auth/Shared/domain/Users/UserId.ts","statementMap":{"0":{"start":{"line":2,"column":0},"end":{"line":2,"column":62}},"1":{"start":{"line":3,"column":0},"end":{"line":3,"column":24}},"2":{"start":{"line":4,"column":15},"end":{"line":4,"column":70}},"3":{"start":{"line":7,"column":0},"end":{"line":7,"column":24}}},"fnMap":{},"branchMap":{},"s":{"0":3,"1":3,"2":3,"3":3},"f":{},"b":{},"inputSourceMap":null,"_coverageSchema":"1a1c01bbd47fc00a2c39e90264f33305004495a9","hash":"50e995e6a94102062b325fdc8ae8ae293f7f7725"}
,"/home/mstefanutti/personal-ws/users-api/src/Contexts/Auth/Shared/infrastructure/config/index.ts": {"path":"/home/mstefanutti/personal-ws/users-api/src/Contexts/Auth/Shared/infrastructure/config/index.ts","statementMap":{"0":{"start":{"line":2,"column":22},"end":{"line":4,"column":1}},"1":{"start":{"line":3,"column":4},"end":{"line":3,"column":62}},"2":{"start":{"line":5,"column":0},"end":{"line":5,"column":62}},"3":{"start":{"line":6,"column":18},"end":{"line":6,"column":53}},"4":{"start":{"line":7,"column":19},"end":{"line":28,"column":2}},"5":{"start":{"line":29,"column":0},"end":{"line":29,"column":102}},"6":{"start":{"line":30,"column":0},"end":{"line":30,"column":29}}},"fnMap":{"0":{"name":"(anonymous_0)","decl":{"start":{"line":2,"column":56},"end":{"line":2,"column":57}},"loc":{"start":{"line":2,"column":71},"end":{"line":4,"column":1}},"line":2}},"branchMap":{"0":{"loc":{"start":{"line":2,"column":22},"end":{"line":4,"column":1}},"type":"binary-expr","locations":[{"start":{"line":2,"column":23},"end":{"line":2,"column":27}},{"start":{"line":2,"column":31},"end":{"line":2,"column":51}},{"start":{"line":2,"column":56},"end":{"line":4,"column":1}}],"line":2},"1":{"loc":{"start":{"line":3,"column":11},"end":{"line":3,"column":61}},"type":"cond-expr","locations":[{"start":{"line":3,"column":37},"end":{"line":3,"column":40}},{"start":{"line":3,"column":43},"end":{"line":3,"column":61}}],"line":3},"2":{"loc":{"start":{"line":3,"column":12},"end":{"line":3,"column":33}},"type":"binary-expr","locations":[{"start":{"line":3,"column":12},"end":{"line":3,"column":15}},{"start":{"line":3,"column":19},"end":{"line":3,"column":33}}],"line":3}},"s":{"0":2,"1":2,"2":2,"3":2,"4":2,"5":2,"6":2},"f":{"0":2},"b":{"0":[2,2,2],"1":[0,2],"2":[2,2]},"inputSourceMap":null,"_coverageSchema":"1a1c01bbd47fc00a2c39e90264f33305004495a9","hash":"fd869f22378603ac6a4ca3b3cb84eb6d8fbfdaa8"}
,"/home/mstefanutti/personal-ws/users-api/src/Contexts/Auth/Shared/infrastructure/persistence/mongo/MongoConfigFactory.ts": {"path":"/home/mstefanutti/personal-ws/users-api/src/Contexts/Auth/Shared/infrastructure/persistence/mongo/MongoConfigFactory.ts","statementMap":{"0":{"start":{"line":2,"column":22},"end":{"line":4,"column":1}},"1":{"start":{"line":3,"column":4},"end":{"line":3,"column":62}},"2":{"start":{"line":5,"column":0},"end":{"line":5,"column":62}},"3":{"start":{"line":6,"column":0},"end":{"line":6,"column":36}},"4":{"start":{"line":7,"column":17},"end":{"line":7,"column":57}},"5":{"start":{"line":8,"column":20},"end":{"line":10,"column":1}},"6":{"start":{"line":13,"column":8},"end":{"line":13,"column":27}},"7":{"start":{"line":16,"column":0},"end":{"line":16,"column":48}}},"fnMap":{"0":{"name":"(anonymous_0)","decl":{"start":{"line":2,"column":56},"end":{"line":2,"column":57}},"loc":{"start":{"line":2,"column":71},"end":{"line":4,"column":1}},"line":2},"1":{"name":"(anonymous_1)","decl":{"start":{"line":12,"column":4},"end":{"line":12,"column":5}},"loc":{"start":{"line":12,"column":26},"end":{"line":14,"column":5}},"line":12}},"branchMap":{"0":{"loc":{"start":{"line":2,"column":22},"end":{"line":4,"column":1}},"type":"binary-expr","locations":[{"start":{"line":2,"column":23},"end":{"line":2,"column":27}},{"start":{"line":2,"column":31},"end":{"line":2,"column":51}},{"start":{"line":2,"column":56},"end":{"line":4,"column":1}}],"line":2},"1":{"loc":{"start":{"line":3,"column":11},"end":{"line":3,"column":61}},"type":"cond-expr","locations":[{"start":{"line":3,"column":37},"end":{"line":3,"column":40}},{"start":{"line":3,"column":43},"end":{"line":3,"column":61}}],"line":3},"2":{"loc":{"start":{"line":3,"column":12},"end":{"line":3,"column":33}},"type":"binary-expr","locations":[{"start":{"line":3,"column":12},"end":{"line":3,"column":15}},{"start":{"line":3,"column":19},"end":{"line":3,"column":33}}],"line":3}},"s":{"0":1,"1":1,"2":1,"3":1,"4":1,"5":1,"6":1,"7":1},"f":{"0":1,"1":1},"b":{"0":[1,1,1],"1":[1,0],"2":[1,1]},"inputSourceMap":null,"_coverageSchema":"1a1c01bbd47fc00a2c39e90264f33305004495a9","hash":"484a58f76fcab561aee89c3e8a1922f1b6c53d77"}
,"/home/mstefanutti/personal-ws/users-api/src/Contexts/Auth/Users/application/LoginCreator.ts": {"path":"/home/mstefanutti/personal-ws/users-api/src/Contexts/Auth/Users/application/LoginCreator.ts","statementMap":{"0":{"start":{"line":2,"column":16},"end":{"line":10,"column":1}},"1":{"start":{"line":3,"column":28},"end":{"line":3,"column":110}},"2":{"start":{"line":3,"column":91},"end":{"line":3,"column":106}},"3":{"start":{"line":4,"column":4},"end":{"line":9,"column":7}},"4":{"start":{"line":5,"column":36},"end":{"line":5,"column":97}},"5":{"start":{"line":5,"column":42},"end":{"line":5,"column":70}},"6":{"start":{"line":5,"column":85},"end":{"line":5,"column":95}},"7":{"start":{"line":6,"column":35},"end":{"line":6,"column":100}},"8":{"start":{"line":6,"column":41},"end":{"line":6,"column":73}},"9":{"start":{"line":6,"column":88},"end":{"line":6,"column":98}},"10":{"start":{"line":7,"column":32},"end":{"line":7,"column":116}},"11":{"start":{"line":8,"column":8},"end":{"line":8,"column":78}},"12":{"start":{"line":11,"column":0},"end":{"line":11,"column":62}},"13":{"start":{"line":12,"column":0},"end":{"line":12,"column":30}},"14":{"start":{"line":13,"column":20},"end":{"line":13,"column":52}},"15":{"start":{"line":14,"column":20},"end":{"line":14,"column":50}},"16":{"start":{"line":17,"column":8},"end":{"line":17,"column":37}},"17":{"start":{"line":20,"column":8},"end":{"line":25,"column":11}},"18":{"start":{"line":21,"column":25},"end":{"line":21,"column":96}},"19":{"start":{"line":22,"column":12},"end":{"line":22,"column":48}},"20":{"start":{"line":23,"column":26},"end":{"line":23,"column":87}},"21":{"start":{"line":24,"column":12},"end":{"line":24,"column":42}},"22":{"start":{"line":28,"column":0},"end":{"line":28,"column":36}}},"fnMap":{"0":{"name":"(anonymous_0)","decl":{"start":{"line":2,"column":44},"end":{"line":2,"column":45}},"loc":{"start":{"line":2,"column":89},"end":{"line":10,"column":1}},"line":2},"1":{"name":"adopt","decl":{"start":{"line":3,"column":13},"end":{"line":3,"column":18}},"loc":{"start":{"line":3,"column":26},"end":{"line":3,"column":112}},"line":3},"2":{"name":"(anonymous_2)","decl":{"start":{"line":3,"column":70},"end":{"line":3,"column":71}},"loc":{"start":{"line":3,"column":89},"end":{"line":3,"column":108}},"line":3},"3":{"name":"(anonymous_3)","decl":{"start":{"line":4,"column":36},"end":{"line":4,"column":37}},"loc":{"start":{"line":4,"column":63},"end":{"line":9,"column":5}},"line":4},"4":{"name":"fulfilled","decl":{"start":{"line":5,"column":17},"end":{"line":5,"column":26}},"loc":{"start":{"line":5,"column":34},"end":{"line":5,"column":99}},"line":5},"5":{"name":"rejected","decl":{"start":{"line":6,"column":17},"end":{"line":6,"column":25}},"loc":{"start":{"line":6,"column":33},"end":{"line":6,"column":102}},"line":6},"6":{"name":"step","decl":{"start":{"line":7,"column":17},"end":{"line":7,"column":21}},"loc":{"start":{"line":7,"column":30},"end":{"line":7,"column":118}},"line":7},"7":{"name":"(anonymous_7)","decl":{"start":{"line":16,"column":4},"end":{"line":16,"column":5}},"loc":{"start":{"line":16,"column":28},"end":{"line":18,"column":5}},"line":16},"8":{"name":"(anonymous_8)","decl":{"start":{"line":19,"column":4},"end":{"line":19,"column":5}},"loc":{"start":{"line":19,"column":13},"end":{"line":26,"column":5}},"line":19},"9":{"name":"(anonymous_9)","decl":{"start":{"line":20,"column":47},"end":{"line":20,"column":48}},"loc":{"start":{"line":20,"column":60},"end":{"line":25,"column":9}},"line":20}},"branchMap":{"0":{"loc":{"start":{"line":2,"column":16},"end":{"line":10,"column":1}},"type":"binary-expr","locations":[{"start":{"line":2,"column":17},"end":{"line":2,"column":21}},{"start":{"line":2,"column":25},"end":{"line":2,"column":39}},{"start":{"line":2,"column":44},"end":{"line":10,"column":1}}],"line":2},"1":{"loc":{"start":{"line":3,"column":35},"end":{"line":3,"column":109}},"type":"cond-expr","locations":[{"start":{"line":3,"column":56},"end":{"line":3,"column":61}},{"start":{"line":3,"column":64},"end":{"line":3,"column":109}}],"line":3},"2":{"loc":{"start":{"line":4,"column":16},"end":{"line":4,"column":34}},"type":"binary-expr","locations":[{"start":{"line":4,"column":16},"end":{"line":4,"column":17}},{"start":{"line":4,"column":22},"end":{"line":4,"column":33}}],"line":4},"3":{"loc":{"start":{"line":7,"column":32},"end":{"line":7,"column":115}},"type":"cond-expr","locations":[{"start":{"line":7,"column":46},"end":{"line":7,"column":67}},{"start":{"line":7,"column":70},"end":{"line":7,"column":115}}],"line":7},"4":{"loc":{"start":{"line":8,"column":51},"end":{"line":8,"column":67}},"type":"binary-expr","locations":[{"start":{"line":8,"column":51},"end":{"line":8,"column":61}},{"start":{"line":8,"column":65},"end":{"line":8,"column":67}}],"line":8}},"s":{"0":1,"1":1,"2":0,"3":1,"4":1,"5":1,"6":0,"7":0,"8":0,"9":0,"10":2,"11":1,"12":1,"13":1,"14":1,"15":1,"16":1,"17":1,"18":1,"19":1,"20":1,"21":1,"22":1},"f":{"0":1,"1":1,"2":0,"3":1,"4":1,"5":0,"6":2,"7":1,"8":1,"9":1},"b":{"0":[1,1,1],"1":[1,0],"2":[1,1],"3":[1,1],"4":[1,1]},"inputSourceMap":null,"_coverageSchema":"1a1c01bbd47fc00a2c39e90264f33305004495a9","hash":"1d9b1c943fd89bec8a42e487b0bc4d0d484cc386"}
,"/home/mstefanutti/personal-ws/users-api/src/Contexts/Auth/Users/application/UserCreator.ts": {"path":"/home/mstefanutti/personal-ws/users-api/src/Contexts/Auth/Users/application/UserCreator.ts","statementMap":{"0":{"start":{"line":2,"column":16},"end":{"line":10,"column":1}},"1":{"start":{"line":3,"column":28},"end":{"line":3,"column":110}},"2":{"start":{"line":3,"column":91},"end":{"line":3,"column":106}},"3":{"start":{"line":4,"column":4},"end":{"line":9,"column":7}},"4":{"start":{"line":5,"column":36},"end":{"line":5,"column":97}},"5":{"start":{"line":5,"column":42},"end":{"line":5,"column":70}},"6":{"start":{"line":5,"column":85},"end":{"line":5,"column":95}},"7":{"start":{"line":6,"column":35},"end":{"line":6,"column":100}},"8":{"start":{"line":6,"column":41},"end":{"line":6,"column":73}},"9":{"start":{"line":6,"column":88},"end":{"line":6,"column":98}},"10":{"start":{"line":7,"column":32},"end":{"line":7,"column":116}},"11":{"start":{"line":8,"column":8},"end":{"line":8,"column":78}},"12":{"start":{"line":11,"column":0},"end":{"line":11,"column":62}},"13":{"start":{"line":12,"column":0},"end":{"line":12,"column":29}},"14":{"start":{"line":13,"column":15},"end":{"line":13,"column":40}},"15":{"start":{"line":14,"column":22},"end":{"line":14,"column":54}},"16":{"start":{"line":15,"column":20},"end":{"line":15,"column":50}},"17":{"start":{"line":16,"column":24},"end":{"line":16,"column":58}},"18":{"start":{"line":17,"column":23},"end":{"line":17,"column":56}},"19":{"start":{"line":18,"column":19},"end":{"line":18,"column":48}},"20":{"start":{"line":19,"column":23},"end":{"line":19,"column":56}},"21":{"start":{"line":20,"column":20},"end":{"line":20,"column":50}},"22":{"start":{"line":21,"column":20},"end":{"line":21,"column":50}},"23":{"start":{"line":22,"column":17},"end":{"line":22,"column":62}},"24":{"start":{"line":25,"column":8},"end":{"line":25,"column":37}},"25":{"start":{"line":28,"column":8},"end":{"line":41,"column":11}},"26":{"start":{"line":29,"column":25},"end":{"line":39,"column":14}},"27":{"start":{"line":40,"column":12},"end":{"line":40,"column":46}},"28":{"start":{"line":44,"column":0},"end":{"line":44,"column":34}}},"fnMap":{"0":{"name":"(anonymous_0)","decl":{"start":{"line":2,"column":44},"end":{"line":2,"column":45}},"loc":{"start":{"line":2,"column":89},"end":{"line":10,"column":1}},"line":2},"1":{"name":"adopt","decl":{"start":{"line":3,"column":13},"end":{"line":3,"column":18}},"loc":{"start":{"line":3,"column":26},"end":{"line":3,"column":112}},"line":3},"2":{"name":"(anonymous_2)","decl":{"start":{"line":3,"column":70},"end":{"line":3,"column":71}},"loc":{"start":{"line":3,"column":89},"end":{"line":3,"column":108}},"line":3},"3":{"name":"(anonymous_3)","decl":{"start":{"line":4,"column":36},"end":{"line":4,"column":37}},"loc":{"start":{"line":4,"column":63},"end":{"line":9,"column":5}},"line":4},"4":{"name":"fulfilled","decl":{"start":{"line":5,"column":17},"end":{"line":5,"column":26}},"loc":{"start":{"line":5,"column":34},"end":{"line":5,"column":99}},"line":5},"5":{"name":"rejected","decl":{"start":{"line":6,"column":17},"end":{"line":6,"column":25}},"loc":{"start":{"line":6,"column":33},"end":{"line":6,"column":102}},"line":6},"6":{"name":"step","decl":{"start":{"line":7,"column":17},"end":{"line":7,"column":21}},"loc":{"start":{"line":7,"column":30},"end":{"line":7,"column":118}},"line":7},"7":{"name":"(anonymous_7)","decl":{"start":{"line":24,"column":4},"end":{"line":24,"column":5}},"loc":{"start":{"line":24,"column":28},"end":{"line":26,"column":5}},"line":24},"8":{"name":"(anonymous_8)","decl":{"start":{"line":27,"column":4},"end":{"line":27,"column":5}},"loc":{"start":{"line":27,"column":17},"end":{"line":42,"column":5}},"line":27},"9":{"name":"(anonymous_9)","decl":{"start":{"line":28,"column":47},"end":{"line":28,"column":48}},"loc":{"start":{"line":28,"column":60},"end":{"line":41,"column":9}},"line":28}},"branchMap":{"0":{"loc":{"start":{"line":2,"column":16},"end":{"line":10,"column":1}},"type":"binary-expr","locations":[{"start":{"line":2,"column":17},"end":{"line":2,"column":21}},{"start":{"line":2,"column":25},"end":{"line":2,"column":39}},{"start":{"line":2,"column":44},"end":{"line":10,"column":1}}],"line":2},"1":{"loc":{"start":{"line":3,"column":35},"end":{"line":3,"column":109}},"type":"cond-expr","locations":[{"start":{"line":3,"column":56},"end":{"line":3,"column":61}},{"start":{"line":3,"column":64},"end":{"line":3,"column":109}}],"line":3},"2":{"loc":{"start":{"line":4,"column":16},"end":{"line":4,"column":34}},"type":"binary-expr","locations":[{"start":{"line":4,"column":16},"end":{"line":4,"column":17}},{"start":{"line":4,"column":22},"end":{"line":4,"column":33}}],"line":4},"3":{"loc":{"start":{"line":7,"column":32},"end":{"line":7,"column":115}},"type":"cond-expr","locations":[{"start":{"line":7,"column":46},"end":{"line":7,"column":67}},{"start":{"line":7,"column":70},"end":{"line":7,"column":115}}],"line":7},"4":{"loc":{"start":{"line":8,"column":51},"end":{"line":8,"column":67}},"type":"binary-expr","locations":[{"start":{"line":8,"column":51},"end":{"line":8,"column":61}},{"start":{"line":8,"column":65},"end":{"line":8,"column":67}}],"line":8}},"s":{"0":2,"1":0,"2":0,"3":1,"4":0,"5":0,"6":0,"7":0,"8":0,"9":0,"10":1,"11":1,"12":2,"13":2,"14":2,"15":2,"16":2,"17":2,"18":2,"19":2,"20":2,"21":2,"22":2,"23":2,"24":1,"25":1,"26":1,"27":1,"28":2},"f":{"0":1,"1":0,"2":0,"3":1,"4":0,"5":0,"6":1,"7":1,"8":1,"9":1},"b":{"0":[2,2,2],"1":[0,0],"2":[1,1],"3":[1,0],"4":[1,1]},"inputSourceMap":null,"_coverageSchema":"1a1c01bbd47fc00a2c39e90264f33305004495a9","hash":"65145dd318152396a5ac2ca2fc9b766ebfb88c59"}
,"/home/mstefanutti/personal-ws/users-api/src/Contexts/Auth/Users/domain/IncomingToken.ts": {"path":"/home/mstefanutti/personal-ws/users-api/src/Contexts/Auth/Users/domain/IncomingToken.ts","statementMap":{"0":{"start":{"line":2,"column":0},"end":{"line":2,"column":62}},"1":{"start":{"line":3,"column":0},"end":{"line":3,"column":31}},"2":{"start":{"line":4,"column":20},"end":{"line":4,"column":42}},"3":{"start":{"line":5,"column":17},"end":{"line":5,"column":60}},"4":{"start":{"line":6,"column":28},"end":{"line":6,"column":93}},"5":{"start":{"line":7,"column":16},"end":{"line":7,"column":73}},"6":{"start":{"line":10,"column":8},"end":{"line":10,"column":21}},"7":{"start":{"line":13,"column":21},"end":{"line":13,"column":51}},"8":{"start":{"line":14,"column":19},"end":{"line":14,"column":47}},"9":{"start":{"line":15,"column":22},"end":{"line":15,"column":59}},"10":{"start":{"line":16,"column":8},"end":{"line":16,"column":29}},"11":{"start":{"line":19,"column":0},"end":{"line":19,"column":38}}},"fnMap":{"0":{"name":"(anonymous_0)","decl":{"start":{"line":9,"column":4},"end":{"line":9,"column":5}},"loc":{"start":{"line":9,"column":23},"end":{"line":11,"column":5}},"line":9},"1":{"name":"(anonymous_1)","decl":{"start":{"line":12,"column":4},"end":{"line":12,"column":5}},"loc":{"start":{"line":12,"column":13},"end":{"line":17,"column":5}},"line":12}},"branchMap":{},"s":{"0":1,"1":1,"2":1,"3":1,"4":1,"5":1,"6":1,"7":1,"8":1,"9":1,"10":1,"11":1},"f":{"0":1,"1":1},"b":{},"inputSourceMap":null,"_coverageSchema":"1a1c01bbd47fc00a2c39e90264f33305004495a9","hash":"ecc621338ef698cd810599337113c99254a948ae"}
,"/home/mstefanutti/personal-ws/users-api/src/Contexts/Auth/Users/domain/Roles.ts": {"path":"/home/mstefanutti/personal-ws/users-api/src/Contexts/Auth/Users/domain/Roles.ts","statementMap":{"0":{"start":{"line":2,"column":0},"end":{"line":2,"column":62}},"1":{"start":{"line":3,"column":0},"end":{"line":3,"column":23}},"2":{"start":{"line":5,"column":0},"end":{"line":8,"column":50}},"3":{"start":{"line":6,"column":4},"end":{"line":6,"column":38}},"4":{"start":{"line":7,"column":4},"end":{"line":7,"column":40}}},"fnMap":{"0":{"name":"(anonymous_0)","decl":{"start":{"line":5,"column":1},"end":{"line":5,"column":2}},"loc":{"start":{"line":5,"column":18},"end":{"line":8,"column":1}},"line":5}},"branchMap":{"0":{"loc":{"start":{"line":8,"column":11},"end":{"line":8,"column":48}},"type":"binary-expr","locations":[{"start":{"line":8,"column":11},"end":{"line":8,"column":24}},{"start":{"line":8,"column":29},"end":{"line":8,"column":47}}],"line":8}},"s":{"0":3,"1":3,"2":3,"3":3,"4":3},"f":{"0":3},"b":{"0":[3,3]},"inputSourceMap":null,"_coverageSchema":"1a1c01bbd47fc00a2c39e90264f33305004495a9","hash":"9a0ccbfade8013078916c919b975f2b8d95f6c81"}
,"/home/mstefanutti/personal-ws/users-api/src/Contexts/Auth/Users/domain/User.ts": {"path":"/home/mstefanutti/personal-ws/users-api/src/Contexts/Auth/Users/domain/User.ts","statementMap":{"0":{"start":{"line":2,"column":0},"end":{"line":2,"column":62}},"1":{"start":{"line":3,"column":0},"end":{"line":3,"column":22}},"2":{"start":{"line":4,"column":16},"end":{"line":4,"column":64}},"3":{"start":{"line":5,"column":22},"end":{"line":5,"column":46}},"4":{"start":{"line":6,"column":24},"end":{"line":6,"column":71}},"5":{"start":{"line":7,"column":17},"end":{"line":7,"column":60}},"6":{"start":{"line":8,"column":20},"end":{"line":8,"column":42}},"7":{"start":{"line":9,"column":24},"end":{"line":9,"column":50}},"8":{"start":{"line":10,"column":23},"end":{"line":10,"column":48}},"9":{"start":{"line":11,"column":19},"end":{"line":11,"column":40}},"10":{"start":{"line":12,"column":23},"end":{"line":12,"column":48}},"11":{"start":{"line":13,"column":20},"end":{"line":13,"column":42}},"12":{"start":{"line":14,"column":20},"end":{"line":14,"column":42}},"13":{"start":{"line":17,"column":8},"end":{"line":17,"column":16}},"14":{"start":{"line":18,"column":8},"end":{"line":18,"column":21}},"15":{"start":{"line":19,"column":8},"end":{"line":19,"column":33}},"16":{"start":{"line":20,"column":8},"end":{"line":20,"column":33}},"17":{"start":{"line":21,"column":8},"end":{"line":21,"column":35}},"18":{"start":{"line":22,"column":8},"end":{"line":22,"column":33}},"19":{"start":{"line":23,"column":8},"end":{"line":23,"column":27}},"20":{"start":{"line":24,"column":8},"end":{"line":24,"column":27}},"21":{"start":{"line":25,"column":8},"end":{"line":25,"column":31}},"22":{"start":{"line":26,"column":8},"end":{"line":26,"column":27}},"23":{"start":{"line":29,"column":8},"end":{"line":31,"column":9}},"24":{"start":{"line":30,"column":12},"end":{"line":30,"column":50}},"25":{"start":{"line":35,"column":8},"end":{"line":45,"column":10}},"26":{"start":{"line":48,"column":8},"end":{"line":58,"column":11}},"27":{"start":{"line":61,"column":0},"end":{"line":61,"column":20}}},"fnMap":{"0":{"name":"(anonymous_0)","decl":{"start":{"line":16,"column":4},"end":{"line":16,"column":5}},"loc":{"start":{"line":16,"column":95},"end":{"line":27,"column":5}},"line":16},"1":{"name":"(anonymous_1)","decl":{"start":{"line":28,"column":4},"end":{"line":28,"column":5}},"loc":{"start":{"line":28,"column":36},"end":{"line":33,"column":5}},"line":28},"2":{"name":"(anonymous_2)","decl":{"start":{"line":34,"column":4},"end":{"line":34,"column":5}},"loc":{"start":{"line":34,"column":19},"end":{"line":46,"column":5}},"line":34},"3":{"name":"(anonymous_3)","decl":{"start":{"line":47,"column":4},"end":{"line":47,"column":5}},"loc":{"start":{"line":47,"column":37},"end":{"line":59,"column":5}},"line":47}},"branchMap":{"0":{"loc":{"start":{"line":29,"column":8},"end":{"line":31,"column":9}},"type":"if","locations":[{"start":{"line":29,"column":8},"end":{"line":31,"column":9}},{"start":{"line":29,"column":8},"end":{"line":31,"column":9}}],"line":29}},"s":{"0":3,"1":3,"2":3,"3":3,"4":3,"5":3,"6":3,"7":3,"8":3,"9":3,"10":3,"11":3,"12":3,"13":7,"14":7,"15":7,"16":7,"17":7,"18":7,"19":7,"20":7,"21":7,"22":7,"23":1,"24":0,"25":1,"26":1,"27":3},"f":{"0":7,"1":1,"2":1,"3":1},"b":{"0":[0,1]},"inputSourceMap":null,"_coverageSchema":"1a1c01bbd47fc00a2c39e90264f33305004495a9","hash":"2b0456dbd2f0fdad0178459b7cf91ccd589dcb4f"}
,"/home/mstefanutti/personal-ws/users-api/src/Contexts/Auth/Users/domain/UserCountry.ts": {"path":"/home/mstefanutti/personal-ws/users-api/src/Contexts/Auth/Users/domain/UserCountry.ts","statementMap":{"0":{"start":{"line":2,"column":0},"end":{"line":2,"column":62}},"1":{"start":{"line":3,"column":0},"end":{"line":3,"column":29}},"2":{"start":{"line":4,"column":29},"end":{"line":4,"column":95}},"3":{"start":{"line":7,"column":0},"end":{"line":7,"column":34}}},"fnMap":{},"branchMap":{},"s":{"0":3,"1":3,"2":3,"3":3},"f":{},"b":{},"inputSourceMap":null,"_coverageSchema":"1a1c01bbd47fc00a2c39e90264f33305004495a9","hash":"3d5027daf55ff5231aae6324c61e7fb5a1508630"}
,"/home/mstefanutti/personal-ws/users-api/src/Contexts/Auth/Users/domain/UserEmail.ts": {"path":"/home/mstefanutti/personal-ws/users-api/src/Contexts/Auth/Users/domain/UserEmail.ts","statementMap":{"0":{"start":{"line":2,"column":0},"end":{"line":2,"column":62}},"1":{"start":{"line":3,"column":0},"end":{"line":3,"column":27}},"2":{"start":{"line":4,"column":27},"end":{"line":4,"column":91}},"3":{"start":{"line":7,"column":0},"end":{"line":7,"column":30}}},"fnMap":{},"branchMap":{},"s":{"0":3,"1":3,"2":3,"3":3},"f":{},"b":{},"inputSourceMap":null,"_coverageSchema":"1a1c01bbd47fc00a2c39e90264f33305004495a9","hash":"3a4d976e8eaf9c4b53d9b43d9d8e2e4d88e903ea"}
,"/home/mstefanutti/personal-ws/users-api/src/Contexts/Auth/Users/domain/UserFirstName.ts": {"path":"/home/mstefanutti/personal-ws/users-api/src/Contexts/Auth/Users/domain/UserFirstName.ts","statementMap":{"0":{"start":{"line":2,"column":0},"end":{"line":2,"column":62}},"1":{"start":{"line":3,"column":0},"end":{"line":3,"column":31}},"2":{"start":{"line":4,"column":28},"end":{"line":4,"column":93}},"3":{"start":{"line":5,"column":16},"end":{"line":5,"column":62}},"4":{"start":{"line":8,"column":8},"end":{"line":8,"column":21}},"5":{"start":{"line":9,"column":8},"end":{"line":9,"column":55}},"6":{"start":{"line":12,"column":8},"end":{"line":14,"column":9}},"7":{"start":{"line":13,"column":12},"end":{"line":13,"column":109}},"8":{"start":{"line":17,"column":0},"end":{"line":17,"column":38}}},"fnMap":{"0":{"name":"(anonymous_0)","decl":{"start":{"line":7,"column":4},"end":{"line":7,"column":5}},"loc":{"start":{"line":7,"column":23},"end":{"line":10,"column":5}},"line":7},"1":{"name":"(anonymous_1)","decl":{"start":{"line":11,"column":4},"end":{"line":11,"column":5}},"loc":{"start":{"line":11,"column":46},"end":{"line":15,"column":5}},"line":11}},"branchMap":{"0":{"loc":{"start":{"line":12,"column":8},"end":{"line":14,"column":9}},"type":"if","locations":[{"start":{"line":12,"column":8},"end":{"line":14,"column":9}},{"start":{"line":12,"column":8},"end":{"line":14,"column":9}}],"line":12}},"s":{"0":3,"1":3,"2":3,"3":3,"4":7,"5":7,"6":7,"7":0,"8":3},"f":{"0":7,"1":7},"b":{"0":[0,7]},"inputSourceMap":null,"_coverageSchema":"1a1c01bbd47fc00a2c39e90264f33305004495a9","hash":"3df3ce9cb93c69e9a2b19be16a9b855ff153ed77"}
,"/home/mstefanutti/personal-ws/users-api/src/Contexts/Auth/Users/domain/UserLastName.ts": {"path":"/home/mstefanutti/personal-ws/users-api/src/Contexts/Auth/Users/domain/UserLastName.ts","statementMap":{"0":{"start":{"line":2,"column":0},"end":{"line":2,"column":62}},"1":{"start":{"line":3,"column":0},"end":{"line":3,"column":30}},"2":{"start":{"line":4,"column":28},"end":{"line":4,"column":93}},"3":{"start":{"line":5,"column":16},"end":{"line":5,"column":62}},"4":{"start":{"line":8,"column":8},"end":{"line":8,"column":21}},"5":{"start":{"line":9,"column":8},"end":{"line":9,"column":55}},"6":{"start":{"line":12,"column":8},"end":{"line":14,"column":9}},"7":{"start":{"line":13,"column":12},"end":{"line":13,"column":109}},"8":{"start":{"line":17,"column":0},"end":{"line":17,"column":36}}},"fnMap":{"0":{"name":"(anonymous_0)","decl":{"start":{"line":7,"column":4},"end":{"line":7,"column":5}},"loc":{"start":{"line":7,"column":23},"end":{"line":10,"column":5}},"line":7},"1":{"name":"(anonymous_1)","decl":{"start":{"line":11,"column":4},"end":{"line":11,"column":5}},"loc":{"start":{"line":11,"column":46},"end":{"line":15,"column":5}},"line":11}},"branchMap":{"0":{"loc":{"start":{"line":12,"column":8},"end":{"line":14,"column":9}},"type":"if","locations":[{"start":{"line":12,"column":8},"end":{"line":14,"column":9}},{"start":{"line":12,"column":8},"end":{"line":14,"column":9}}],"line":12}},"s":{"0":3,"1":3,"2":3,"3":3,"4":7,"5":7,"6":7,"7":0,"8":3},"f":{"0":7,"1":7},"b":{"0":[0,7]},"inputSourceMap":null,"_coverageSchema":"1a1c01bbd47fc00a2c39e90264f33305004495a9","hash":"a7472400db8294331834719086a26eb7c465a0b9"}
,"/home/mstefanutti/personal-ws/users-api/src/Contexts/Auth/Users/domain/UserName.ts": {"path":"/home/mstefanutti/personal-ws/users-api/src/Contexts/Auth/Users/domain/UserName.ts","statementMap":{"0":{"start":{"line":2,"column":0},"end":{"line":2,"column":62}},"1":{"start":{"line":3,"column":0},"end":{"line":3,"column":26}},"2":{"start":{"line":4,"column":28},"end":{"line":4,"column":93}},"3":{"start":{"line":5,"column":16},"end":{"line":5,"column":62}},"4":{"start":{"line":8,"column":8},"end":{"line":8,"column":21}},"5":{"start":{"line":9,"column":8},"end":{"line":9,"column":60}},"6":{"start":{"line":12,"column":8},"end":{"line":14,"column":9}},"7":{"start":{"line":13,"column":12},"end":{"line":13,"column":107}},"8":{"start":{"line":17,"column":0},"end":{"line":17,"column":28}}},"fnMap":{"0":{"name":"(anonymous_0)","decl":{"start":{"line":7,"column":4},"end":{"line":7,"column":5}},"loc":{"start":{"line":7,"column":23},"end":{"line":10,"column":5}},"line":7},"1":{"name":"(anonymous_1)","decl":{"start":{"line":11,"column":4},"end":{"line":11,"column":5}},"loc":{"start":{"line":11,"column":46},"end":{"line":15,"column":5}},"line":11}},"branchMap":{"0":{"loc":{"start":{"line":12,"column":8},"end":{"line":14,"column":9}},"type":"if","locations":[{"start":{"line":12,"column":8},"end":{"line":14,"column":9}},{"start":{"line":12,"column":8},"end":{"line":14,"column":9}}],"line":12}},"s":{"0":3,"1":3,"2":3,"3":3,"4":7,"5":7,"6":7,"7":0,"8":3},"f":{"0":7,"1":7},"b":{"0":[0,7]},"inputSourceMap":null,"_coverageSchema":"1a1c01bbd47fc00a2c39e90264f33305004495a9","hash":"0ab391bb372889907ffd206dd9044c4af7bc73c4"}
,"/home/mstefanutti/personal-ws/users-api/src/Contexts/Auth/Users/domain/UserPassword.ts": {"path":"/home/mstefanutti/personal-ws/users-api/src/Contexts/Auth/Users/domain/UserPassword.ts","statementMap":{"0":{"start":{"line":2,"column":0},"end":{"line":2,"column":62}},"1":{"start":{"line":3,"column":0},"end":{"line":3,"column":30}},"2":{"start":{"line":4,"column":30},"end":{"line":4,"column":97}},"3":{"start":{"line":7,"column":0},"end":{"line":7,"column":36}}},"fnMap":{},"branchMap":{},"s":{"0":3,"1":3,"2":3,"3":3},"f":{},"b":{},"inputSourceMap":null,"_coverageSchema":"1a1c01bbd47fc00a2c39e90264f33305004495a9","hash":"8954d418cb39c6139334f0292a6de18ab08dcec0"}
,"/home/mstefanutti/personal-ws/users-api/src/Contexts/Auth/Users/domain/UserPhone.ts": {"path":"/home/mstefanutti/personal-ws/users-api/src/Contexts/Auth/Users/domain/UserPhone.ts","statementMap":{"0":{"start":{"line":2,"column":0},"end":{"line":2,"column":62}},"1":{"start":{"line":3,"column":0},"end":{"line":3,"column":27}},"2":{"start":{"line":4,"column":33},"end":{"line":4,"column":103}},"3":{"start":{"line":7,"column":0},"end":{"line":7,"column":30}}},"fnMap":{},"branchMap":{},"s":{"0":3,"1":3,"2":3,"3":3},"f":{},"b":{},"inputSourceMap":null,"_coverageSchema":"1a1c01bbd47fc00a2c39e90264f33305004495a9","hash":"adf8e3a5ea08b8a6f6dfe3e551fc4d991875b2e5"}
,"/home/mstefanutti/personal-ws/users-api/src/Contexts/Auth/Users/domain/UserRoles.ts": {"path":"/home/mstefanutti/personal-ws/users-api/src/Contexts/Auth/Users/domain/UserRoles.ts","statementMap":{"0":{"start":{"line":2,"column":0},"end":{"line":2,"column":62}},"1":{"start":{"line":3,"column":0},"end":{"line":3,"column":27}},"2":{"start":{"line":4,"column":17},"end":{"line":4,"column":57}},"3":{"start":{"line":5,"column":16},"end":{"line":5,"column":34}},"4":{"start":{"line":8,"column":8},"end":{"line":8,"column":35}},"5":{"start":{"line":9,"column":8},"end":{"line":13,"column":11}},"6":{"start":{"line":10,"column":12},"end":{"line":12,"column":13}},"7":{"start":{"line":11,"column":16},"end":{"line":11,"column":122}},"8":{"start":{"line":14,"column":8},"end":{"line":14,"column":27}},"9":{"start":{"line":17,"column":23},"end":{"line":17,"column":25}},"10":{"start":{"line":18,"column":8},"end":{"line":18,"column":68}},"11":{"start":{"line":18,"column":38},"end":{"line":18,"column":66}},"12":{"start":{"line":19,"column":8},"end":{"line":19,"column":22}},"13":{"start":{"line":22,"column":0},"end":{"line":22,"column":30}}},"fnMap":{"0":{"name":"(anonymous_0)","decl":{"start":{"line":7,"column":4},"end":{"line":7,"column":5}},"loc":{"start":{"line":7,"column":23},"end":{"line":15,"column":5}},"line":7},"1":{"name":"(anonymous_1)","decl":{"start":{"line":9,"column":22},"end":{"line":9,"column":23}},"loc":{"start":{"line":9,"column":33},"end":{"line":13,"column":9}},"line":9},"2":{"name":"(anonymous_2)","decl":{"start":{"line":16,"column":4},"end":{"line":16,"column":5}},"loc":{"start":{"line":16,"column":15},"end":{"line":20,"column":5}},"line":16},"3":{"name":"(anonymous_3)","decl":{"start":{"line":18,"column":27},"end":{"line":18,"column":28}},"loc":{"start":{"line":18,"column":38},"end":{"line":18,"column":66}},"line":18}},"branchMap":{"0":{"loc":{"start":{"line":10,"column":12},"end":{"line":12,"column":13}},"type":"if","locations":[{"start":{"line":10,"column":12},"end":{"line":12,"column":13}},{"start":{"line":10,"column":12},"end":{"line":12,"column":13}}],"line":10}},"s":{"0":3,"1":3,"2":3,"3":3,"4":7,"5":7,"6":14,"7":0,"8":7,"9":0,"10":0,"11":0,"12":0,"13":3},"f":{"0":7,"1":14,"2":0,"3":0},"b":{"0":[0,14]},"inputSourceMap":null,"_coverageSchema":"1a1c01bbd47fc00a2c39e90264f33305004495a9","hash":"0fa3fa30685a6d30f9004385c0bc870d2fc2f64a"}
,"/home/mstefanutti/personal-ws/users-api/src/Contexts/Auth/Users/domain/UserToken.ts": {"path":"/home/mstefanutti/personal-ws/users-api/src/Contexts/Auth/Users/domain/UserToken.ts","statementMap":{"0":{"start":{"line":2,"column":0},"end":{"line":2,"column":62}},"1":{"start":{"line":3,"column":0},"end":{"line":3,"column":27}},"2":{"start":{"line":4,"column":28},"end":{"line":4,"column":93}},"3":{"start":{"line":5,"column":16},"end":{"line":5,"column":73}},"4":{"start":{"line":8,"column":22},"end":{"line":8,"column":110}},"5":{"start":{"line":9,"column":8},"end":{"line":9,"column":21}},"6":{"start":{"line":12,"column":0},"end":{"line":12,"column":30}}},"fnMap":{"0":{"name":"(anonymous_0)","decl":{"start":{"line":7,"column":4},"end":{"line":7,"column":5}},"loc":{"start":{"line":7,"column":22},"end":{"line":10,"column":5}},"line":7}},"branchMap":{},"s":{"0":1,"1":1,"2":1,"3":1,"4":1,"5":1,"6":1},"f":{"0":1},"b":{},"inputSourceMap":null,"_coverageSchema":"1a1c01bbd47fc00a2c39e90264f33305004495a9","hash":"da0897eccb00212e6f1f6e08fc7b74e2f19c822b"}
,"/home/mstefanutti/personal-ws/users-api/src/Contexts/Auth/Users/infrastructure/persistence/MongoUserRepository.ts": {"path":"/home/mstefanutti/personal-ws/users-api/src/Contexts/Auth/Users/infrastructure/persistence/MongoUserRepository.ts","statementMap":{"0":{"start":{"line":2,"column":16},"end":{"line":10,"column":1}},"1":{"start":{"line":3,"column":28},"end":{"line":3,"column":110}},"2":{"start":{"line":3,"column":91},"end":{"line":3,"column":106}},"3":{"start":{"line":4,"column":4},"end":{"line":9,"column":7}},"4":{"start":{"line":5,"column":36},"end":{"line":5,"column":97}},"5":{"start":{"line":5,"column":42},"end":{"line":5,"column":70}},"6":{"start":{"line":5,"column":85},"end":{"line":5,"column":95}},"7":{"start":{"line":6,"column":35},"end":{"line":6,"column":100}},"8":{"start":{"line":6,"column":41},"end":{"line":6,"column":73}},"9":{"start":{"line":6,"column":88},"end":{"line":6,"column":98}},"10":{"start":{"line":7,"column":32},"end":{"line":7,"column":116}},"11":{"start":{"line":8,"column":8},"end":{"line":8,"column":78}},"12":{"start":{"line":11,"column":0},"end":{"line":11,"column":62}},"13":{"start":{"line":12,"column":0},"end":{"line":12,"column":37}},"14":{"start":{"line":13,"column":15},"end":{"line":13,"column":45}},"15":{"start":{"line":14,"column":26},"end":{"line":14,"column":104}},"16":{"start":{"line":17,"column":8},"end":{"line":17,"column":49}},"17":{"start":{"line":20,"column":8},"end":{"line":34,"column":11}},"18":{"start":{"line":21,"column":31},"end":{"line":21,"column":54}},"19":{"start":{"line":22,"column":29},"end":{"line":22,"column":72}},"20":{"start":{"line":23,"column":12},"end":{"line":33,"column":22}},"21":{"start":{"line":37,"column":8},"end":{"line":39,"column":11}},"22":{"start":{"line":38,"column":12},"end":{"line":38,"column":55}},"23":{"start":{"line":42,"column":8},"end":{"line":42,"column":25}},"24":{"start":{"line":45,"column":0},"end":{"line":45,"column":50}}},"fnMap":{"0":{"name":"(anonymous_0)","decl":{"start":{"line":2,"column":44},"end":{"line":2,"column":45}},"loc":{"start":{"line":2,"column":89},"end":{"line":10,"column":1}},"line":2},"1":{"name":"adopt","decl":{"start":{"line":3,"column":13},"end":{"line":3,"column":18}},"loc":{"start":{"line":3,"column":26},"end":{"line":3,"column":112}},"line":3},"2":{"name":"(anonymous_2)","decl":{"start":{"line":3,"column":70},"end":{"line":3,"column":71}},"loc":{"start":{"line":3,"column":89},"end":{"line":3,"column":108}},"line":3},"3":{"name":"(anonymous_3)","decl":{"start":{"line":4,"column":36},"end":{"line":4,"column":37}},"loc":{"start":{"line":4,"column":63},"end":{"line":9,"column":5}},"line":4},"4":{"name":"fulfilled","decl":{"start":{"line":5,"column":17},"end":{"line":5,"column":26}},"loc":{"start":{"line":5,"column":34},"end":{"line":5,"column":99}},"line":5},"5":{"name":"rejected","decl":{"start":{"line":6,"column":17},"end":{"line":6,"column":25}},"loc":{"start":{"line":6,"column":33},"end":{"line":6,"column":102}},"line":6},"6":{"name":"step","decl":{"start":{"line":7,"column":17},"end":{"line":7,"column":21}},"loc":{"start":{"line":7,"column":30},"end":{"line":7,"column":118}},"line":7},"7":{"name":"(anonymous_7)","decl":{"start":{"line":16,"column":4},"end":{"line":16,"column":5}},"loc":{"start":{"line":16,"column":15},"end":{"line":18,"column":5}},"line":16},"8":{"name":"(anonymous_8)","decl":{"start":{"line":19,"column":4},"end":{"line":19,"column":5}},"loc":{"start":{"line":19,"column":15},"end":{"line":35,"column":5}},"line":19},"9":{"name":"(anonymous_9)","decl":{"start":{"line":20,"column":47},"end":{"line":20,"column":48}},"loc":{"start":{"line":20,"column":60},"end":{"line":34,"column":9}},"line":20},"10":{"name":"(anonymous_10)","decl":{"start":{"line":36,"column":4},"end":{"line":36,"column":5}},"loc":{"start":{"line":36,"column":23},"end":{"line":40,"column":5}},"line":36},"11":{"name":"(anonymous_11)","decl":{"start":{"line":37,"column":47},"end":{"line":37,"column":48}},"loc":{"start":{"line":37,"column":60},"end":{"line":39,"column":9}},"line":37},"12":{"name":"(anonymous_12)","decl":{"start":{"line":41,"column":4},"end":{"line":41,"column":5}},"loc":{"start":{"line":41,"column":21},"end":{"line":43,"column":5}},"line":41}},"branchMap":{"0":{"loc":{"start":{"line":2,"column":16},"end":{"line":10,"column":1}},"type":"binary-expr","locations":[{"start":{"line":2,"column":17},"end":{"line":2,"column":21}},{"start":{"line":2,"column":25},"end":{"line":2,"column":39}},{"start":{"line":2,"column":44},"end":{"line":10,"column":1}}],"line":2},"1":{"loc":{"start":{"line":3,"column":35},"end":{"line":3,"column":109}},"type":"cond-expr","locations":[{"start":{"line":3,"column":56},"end":{"line":3,"column":61}},{"start":{"line":3,"column":64},"end":{"line":3,"column":109}}],"line":3},"2":{"loc":{"start":{"line":4,"column":16},"end":{"line":4,"column":34}},"type":"binary-expr","locations":[{"start":{"line":4,"column":16},"end":{"line":4,"column":17}},{"start":{"line":4,"column":22},"end":{"line":4,"column":33}}],"line":4},"3":{"loc":{"start":{"line":7,"column":32},"end":{"line":7,"column":115}},"type":"cond-expr","locations":[{"start":{"line":7,"column":46},"end":{"line":7,"column":67}},{"start":{"line":7,"column":70},"end":{"line":7,"column":115}}],"line":7},"4":{"loc":{"start":{"line":8,"column":51},"end":{"line":8,"column":67}},"type":"binary-expr","locations":[{"start":{"line":8,"column":51},"end":{"line":8,"column":61}},{"start":{"line":8,"column":65},"end":{"line":8,"column":67}}],"line":8},"5":{"loc":{"start":{"line":23,"column":19},"end":{"line":33,"column":21}},"type":"cond-expr","locations":[{"start":{"line":23,"column":30},"end":{"line":33,"column":14}},{"start":{"line":33,"column":17},"end":{"line":33,"column":21}}],"line":23}},"s":{"0":1,"1":2,"2":0,"3":1,"4":2,"5":2,"6":0,"7":0,"8":0,"9":0,"10":3,"11":1,"12":1,"13":1,"14":1,"15":1,"16":1,"17":1,"18":1,"19":1,"20":1,"21":0,"22":0,"23":2,"24":1},"f":{"0":1,"1":2,"2":0,"3":1,"4":2,"5":0,"6":3,"7":1,"8":1,"9":1,"10":0,"11":0,"12":2},"b":{"0":[1,1,1],"1":[2,0],"2":[1,1],"3":[1,2],"4":[1,1],"5":[1,0]},"inputSourceMap":null,"_coverageSchema":"1a1c01bbd47fc00a2c39e90264f33305004495a9","hash":"1484451bfbf5fb35ae489aa0b7edb46295544ed5"}
,"/home/mstefanutti/personal-ws/users-api/src/Contexts/Shared/domain/AggregateRoot.ts": {"path":"/home/mstefanutti/personal-ws/users-api/src/Contexts/Shared/domain/AggregateRoot.ts","statementMap":{"0":{"start":{"line":2,"column":0},"end":{"line":2,"column":62}},"1":{"start":{"line":3,"column":0},"end":{"line":3,"column":31}},"2":{"start":{"line":6,"column":0},"end":{"line":6,"column":38}}},"fnMap":{},"branchMap":{},"s":{"0":3,"1":3,"2":3},"f":{},"b":{},"inputSourceMap":null,"_coverageSchema":"1a1c01bbd47fc00a2c39e90264f33305004495a9","hash":"fb614b1a5fc45cd72ed03b70dbac94821d71fe49"}
,"/home/mstefanutti/personal-ws/users-api/src/Contexts/Shared/domain/errors/index.ts": {"path":"/home/mstefanutti/personal-ws/users-api/src/Contexts/Shared/domain/errors/index.ts","statementMap":{"0":{"start":{"line":2,"column":0},"end":{"line":2,"column":62}},"1":{"start":{"line":3,"column":0},"end":{"line":3,"column":72}},"2":{"start":{"line":6,"column":0},"end":{"line":6,"column":52}},"3":{"start":{"line":9,"column":0},"end":{"line":9,"column":58}}},"fnMap":{},"branchMap":{},"s":{"0":3,"1":3,"2":3,"3":3},"f":{},"b":{},"inputSourceMap":null,"_coverageSchema":"1a1c01bbd47fc00a2c39e90264f33305004495a9","hash":"5bae87b140f3dd38337b38f37680f9fa878c9cf3"}
,"/home/mstefanutti/personal-ws/users-api/src/Contexts/Shared/domain/value-objects/CountryEnum.ts": {"path":"/home/mstefanutti/personal-ws/users-api/src/Contexts/Shared/domain/value-objects/CountryEnum.ts","statementMap":{"0":{"start":{"line":5,"column":0},"end":{"line":5,"column":62}},"1":{"start":{"line":6,"column":0},"end":{"line":6,"column":25}},"2":{"start":{"line":8,"column":0},"end":{"line":257,"column":56}},"3":{"start":{"line":9,"column":4},"end":{"line":9,"column":34}},"4":{"start":{"line":10,"column":4},"end":{"line":10,"column":35}},"5":{"start":{"line":11,"column":4},"end":{"line":11,"column":30}},"6":{"start":{"line":12,"column":4},"end":{"line":12,"column":30}},"7":{"start":{"line":13,"column":4},"end":{"line":13,"column":37}},"8":{"start":{"line":14,"column":4},"end":{"line":14,"column":30}},"9":{"start":{"line":15,"column":4},"end":{"line":15,"column":29}},"10":{"start":{"line":16,"column":4},"end":{"line":16,"column":31}},"11":{"start":{"line":17,"column":4},"end":{"line":17,"column":33}},"12":{"start":{"line":18,"column":4},"end":{"line":18,"column":42}},"13":{"start":{"line":19,"column":4},"end":{"line":19,"column":32}},"14":{"start":{"line":20,"column":4},"end":{"line":20,"column":30}},"15":{"start":{"line":21,"column":4},"end":{"line":21,"column":28}},"16":{"start":{"line":22,"column":4},"end":{"line":22,"column":32}},"17":{"start":{"line":23,"column":4},"end":{"line":23,"column":30}},"18":{"start":{"line":24,"column":4},"end":{"line":24,"column":33}},"19":{"start":{"line":25,"column":4},"end":{"line":25,"column":30}},"20":{"start":{"line":26,"column":4},"end":{"line":26,"column":30}},"21":{"start":{"line":27,"column":4},"end":{"line":27,"column":33}},"22":{"start":{"line":28,"column":4},"end":{"line":28,"column":31}},"23":{"start":{"line":29,"column":4},"end":{"line":29,"column":30}},"24":{"start":{"line":30,"column":4},"end":{"line":30,"column":30}},"25":{"start":{"line":31,"column":4},"end":{"line":31,"column":29}},"26":{"start":{"line":32,"column":4},"end":{"line":32,"column":28}},"27":{"start":{"line":33,"column":4},"end":{"line":33,"column":30}},"28":{"start":{"line":34,"column":4},"end":{"line":34,"column":29}},"29":{"start":{"line":35,"column":4},"end":{"line":35,"column":30}},"30":{"start":{"line":36,"column":4},"end":{"line":36,"column":45}},"31":{"start":{"line":37,"column":4},"end":{"line":37,"column":31}},"32":{"start":{"line":38,"column":4},"end":{"line":38,"column":36}},"33":{"start":{"line":39,"column":4},"end":{"line":39,"column":29}},"34":{"start":{"line":40,"column":4},"end":{"line":40,"column":53}},"35":{"start":{"line":41,"column":4},"end":{"line":41,"column":40}},"36":{"start":{"line":42,"column":4},"end":{"line":42,"column":31}},"37":{"start":{"line":43,"column":4},"end":{"line":43,"column":35}},"38":{"start":{"line":44,"column":4},"end":{"line":44,"column":30}},"39":{"start":{"line":45,"column":4},"end":{"line":45,"column":31}},"40":{"start":{"line":46,"column":4},"end":{"line":46,"column":31}},"41":{"start":{"line":47,"column":4},"end":{"line":47,"column":29}},"42":{"start":{"line":48,"column":4},"end":{"line":48,"column":33}},"43":{"start":{"line":49,"column":4},"end":{"line":49,"column":37}},"44":{"start":{"line":50,"column":4},"end":{"line":50,"column":47}},"45":{"start":{"line":51,"column":4},"end":{"line":51,"column":27}},"46":{"start":{"line":52,"column":4},"end":{"line":52,"column":28}},"47":{"start":{"line":53,"column":4},"end":{"line":53,"column":28}},"48":{"start":{"line":54,"column":4},"end":{"line":54,"column":39}},"49":{"start":{"line":55,"column":4},"end":{"line":55,"column":44}},"50":{"start":{"line":56,"column":4},"end":{"line":56,"column":31}},"51":{"start":{"line":57,"column":4},"end":{"line":57,"column":30}},"52":{"start":{"line":58,"column":4},"end":{"line":58,"column":28}},"53":{"start":{"line":59,"column":4},"end":{"line":59,"column":48}},"54":{"start":{"line":60,"column":4},"end":{"line":60,"column":35}},"55":{"start":{"line":61,"column":4},"end":{"line":61,"column":33}},"56":{"start":{"line":62,"column":4},"end":{"line":62,"column":34}},"57":{"start":{"line":63,"column":4},"end":{"line":63,"column":30}},"58":{"start":{"line":64,"column":4},"end":{"line":64,"column":27}},"59":{"start":{"line":65,"column":4},"end":{"line":65,"column":35}},"60":{"start":{"line":66,"column":4},"end":{"line":66,"column":29}},"61":{"start":{"line":67,"column":4},"end":{"line":67,"column":36}},"62":{"start":{"line":68,"column":4},"end":{"line":68,"column":30}},"63":{"start":{"line":69,"column":4},"end":{"line":69,"column":31}},"64":{"start":{"line":70,"column":4},"end":{"line":70,"column":31}},"65":{"start":{"line":71,"column":4},"end":{"line":71,"column":41}},"66":{"start":{"line":72,"column":4},"end":{"line":72,"column":30}},"67":{"start":{"line":73,"column":4},"end":{"line":73,"column":28}},"68":{"start":{"line":74,"column":4},"end":{"line":74,"column":34}},"69":{"start":{"line":75,"column":4},"end":{"line":75,"column":40}},"70":{"start":{"line":76,"column":4},"end":{"line":76,"column":30}},"71":{"start":{"line":77,"column":4},"end":{"line":77,"column":30}},"72":{"start":{"line":78,"column":4},"end":{"line":78,"column":31}},"73":{"start":{"line":79,"column":4},"end":{"line":79,"column":39}},"74":{"start":{"line":80,"column":4},"end":{"line":80,"column":36}},"75":{"start":{"line":81,"column":4},"end":{"line":81,"column":27}},"76":{"start":{"line":82,"column":4},"end":{"line":82,"column":30}},"77":{"start":{"line":83,"column":4},"end":{"line":83,"column":29}},"78":{"start":{"line":84,"column":4},"end":{"line":84,"column":36}},"79":{"start":{"line":85,"column":4},"end":{"line":85,"column":39}},"80":{"start":{"line":86,"column":4},"end":{"line":86,"column":50}},"81":{"start":{"line":87,"column":4},"end":{"line":87,"column":28}},"82":{"start":{"line":88,"column":4},"end":{"line":88,"column":29}},"83":{"start":{"line":89,"column":4},"end":{"line":89,"column":30}},"84":{"start":{"line":90,"column":4},"end":{"line":90,"column":30}},"85":{"start":{"line":91,"column":4},"end":{"line":91,"column":28}},"86":{"start":{"line":92,"column":4},"end":{"line":92,"column":32}},"87":{"start":{"line":93,"column":4},"end":{"line":93,"column":29}},"88":{"start":{"line":94,"column":4},"end":{"line":94,"column":32}},"89":{"start":{"line":95,"column":4},"end":{"line":95,"column":30}},"90":{"start":{"line":96,"column":4},"end":{"line":96,"column":33}},"91":{"start":{"line":97,"column":4},"end":{"line":97,"column":27}},"92":{"start":{"line":98,"column":4},"end":{"line":98,"column":32}},"93":{"start":{"line":99,"column":4},"end":{"line":99,"column":31}},"94":{"start":{"line":100,"column":4},"end":{"line":100,"column":29}},"95":{"start":{"line":101,"column":4},"end":{"line":101,"column":36}},"96":{"start":{"line":102,"column":4},"end":{"line":102,"column":29}},"97":{"start":{"line":103,"column":4},"end":{"line":103,"column":28}},"98":{"start":{"line":104,"column":4},"end":{"line":104,"column":52}},"99":{"start":{"line":105,"column":4},"end":{"line":105,"column":50}},"100":{"start":{"line":106,"column":4},"end":{"line":106,"column":31}},"101":{"start":{"line":107,"column":4},"end":{"line":107,"column":31}},"102":{"start":{"line":108,"column":4},"end":{"line":108,"column":30}},"103":{"start":{"line":109,"column":4},"end":{"line":109,"column":30}},"104":{"start":{"line":110,"column":4},"end":{"line":110,"column":28}},"105":{"start":{"line":111,"column":4},"end":{"line":111,"column":32}},"106":{"start":{"line":112,"column":4},"end":{"line":112,"column":27}},"107":{"start":{"line":113,"column":4},"end":{"line":113,"column":27}},"108":{"start":{"line":114,"column":4},"end":{"line":114,"column":30}},"109":{"start":{"line":115,"column":4},"end":{"line":115,"column":34}},"110":{"start":{"line":116,"column":4},"end":{"line":116,"column":29}},"111":{"start":{"line":117,"column":4},"end":{"line":117,"column":28}},"112":{"start":{"line":118,"column":4},"end":{"line":118,"column":30}},"113":{"start":{"line":119,"column":4},"end":{"line":119,"column":28}},"114":{"start":{"line":120,"column":4},"end":{"line":120,"column":29}},"115":{"start":{"line":121,"column":4},"end":{"line":121,"column":29}},"116":{"start":{"line":122,"column":4},"end":{"line":122,"column":33}},"117":{"start":{"line":123,"column":4},"end":{"line":123,"column":28}},"118":{"start":{"line":124,"column":4},"end":{"line":124,"column":31}},"119":{"start":{"line":125,"column":4},"end":{"line":125,"column":41}},"120":{"start":{"line":126,"column":4},"end":{"line":126,"column":61}},"121":{"start":{"line":127,"column":4},"end":{"line":127,"column":29}},"122":{"start":{"line":128,"column":4},"end":{"line":128,"column":33}},"123":{"start":{"line":129,"column":4},"end":{"line":129,"column":54}},"124":{"start":{"line":130,"column":4},"end":{"line":130,"column":29}},"125":{"start":{"line":131,"column":4},"end":{"line":131,"column":30}},"126":{"start":{"line":132,"column":4},"end":{"line":132,"column":30}},"127":{"start":{"line":133,"column":4},"end":{"line":133,"column":30}},"128":{"start":{"line":134,"column":4},"end":{"line":134,"column":45}},"129":{"start":{"line":135,"column":4},"end":{"line":135,"column":36}},"130":{"start":{"line":136,"column":4},"end":{"line":136,"column":32}},"131":{"start":{"line":137,"column":4},"end":{"line":137,"column":33}},"132":{"start":{"line":138,"column":4},"end":{"line":138,"column":28}},"133":{"start":{"line":139,"column":4},"end":{"line":139,"column":33}},"134":{"start":{"line":140,"column":4},"end":{"line":140,"column":29}},"135":{"start":{"line":141,"column":4},"end":{"line":141,"column":31}},"136":{"start":{"line":142,"column":4},"end":{"line":142,"column":31}},"137":{"start":{"line":143,"column":4},"end":{"line":143,"column":27}},"138":{"start":{"line":144,"column":4},"end":{"line":144,"column":28}},"139":{"start":{"line":145,"column":4},"end":{"line":145,"column":39}},"140":{"start":{"line":146,"column":4},"end":{"line":146,"column":33}},"141":{"start":{"line":147,"column":4},"end":{"line":147,"column":33}},"142":{"start":{"line":148,"column":4},"end":{"line":148,"column":32}},"143":{"start":{"line":149,"column":4},"end":{"line":149,"column":30}},"144":{"start":{"line":150,"column":4},"end":{"line":150,"column":29}},"145":{"start":{"line":151,"column":4},"end":{"line":151,"column":33}},"146":{"start":{"line":152,"column":4},"end":{"line":152,"column":30}},"147":{"start":{"line":153,"column":4},"end":{"line":153,"column":29}},"148":{"start":{"line":154,"column":4},"end":{"line":154,"column":31}},"149":{"start":{"line":155,"column":4},"end":{"line":155,"column":33}},"150":{"start":{"line":156,"column":4},"end":{"line":156,"column":33}},"151":{"start":{"line":157,"column":4},"end":{"line":157,"column":30}},"152":{"start":{"line":158,"column":4},"end":{"line":158,"column":33}},"153":{"start":{"line":159,"column":4},"end":{"line":159,"column":30}},"154":{"start":{"line":160,"column":4},"end":{"line":160,"column":30}},"155":{"start":{"line":161,"column":4},"end":{"line":161,"column":28}},"156":{"start":{"line":162,"column":4},"end":{"line":162,"column":28}},"157":{"start":{"line":163,"column":4},"end":{"line":163,"column":34}},"158":{"start":{"line":164,"column":4},"end":{"line":164,"column":36}},"159":{"start":{"line":165,"column":4},"end":{"line":165,"column":34}},"160":{"start":{"line":166,"column":4},"end":{"line":166,"column":32}},"161":{"start":{"line":167,"column":4},"end":{"line":167,"column":28}},"162":{"start":{"line":168,"column":4},"end":{"line":168,"column":30}},"163":{"start":{"line":169,"column":4},"end":{"line":169,"column":27}},"164":{"start":{"line":170,"column":4},"end":{"line":170,"column":37}},"165":{"start":{"line":171,"column":4},"end":{"line":171,"column":47}},"166":{"start":{"line":172,"column":4},"end":{"line":172,"column":29}},"167":{"start":{"line":173,"column":4},"end":{"line":173,"column":27}},"168":{"start":{"line":174,"column":4},"end":{"line":174,"column":31}},"169":{"start":{"line":175,"column":4},"end":{"line":175,"column":28}},"170":{"start":{"line":176,"column":4},"end":{"line":176,"column":44}},"171":{"start":{"line":177,"column":4},"end":{"line":177,"column":29}},"172":{"start":{"line":178,"column":4},"end":{"line":178,"column":39}},"173":{"start":{"line":179,"column":4},"end":{"line":179,"column":31}},"174":{"start":{"line":180,"column":4},"end":{"line":180,"column":27}},"175":{"start":{"line":181,"column":4},"end":{"line":181,"column":34}},"176":{"start":{"line":182,"column":4},"end":{"line":182,"column":31}},"177":{"start":{"line":183,"column":4},"end":{"line":183,"column":29}},"178":{"start":{"line":184,"column":4},"end":{"line":184,"column":31}},"179":{"start":{"line":185,"column":4},"end":{"line":185,"column":34}},"180":{"start":{"line":186,"column":4},"end":{"line":186,"column":28}},"181":{"start":{"line":187,"column":4},"end":{"line":187,"column":30}},"182":{"start":{"line":188,"column":4},"end":{"line":188,"column":51}},"183":{"start":{"line":189,"column":4},"end":{"line":189,"column":30}},"184":{"start":{"line":190,"column":4},"end":{"line":190,"column":41}},"185":{"start":{"line":191,"column":4},"end":{"line":191,"column":29}},"186":{"start":{"line":192,"column":4},"end":{"line":192,"column":39}},"187":{"start":{"line":193,"column":4},"end":{"line":193,"column":35}},"188":{"start":{"line":194,"column":4},"end":{"line":194,"column":44}},"189":{"start":{"line":195,"column":4},"end":{"line":195,"column":34}},"190":{"start":{"line":196,"column":4},"end":{"line":196,"column":35}},"191":{"start":{"line":197,"column":4},"end":{"line":197,"column":48}},"192":{"start":{"line":198,"column":4},"end":{"line":198,"column":51}},"193":{"start":{"line":199,"column":4},"end":{"line":199,"column":28}},"194":{"start":{"line":200,"column":4},"end":{"line":200,"column":33}},"195":{"start":{"line":201,"column":4},"end":{"line":201,"column":44}},"196":{"start":{"line":202,"column":4},"end":{"line":202,"column":35}},"197":{"start":{"line":203,"column":4},"end":{"line":203,"column":30}},"198":{"start":{"line":204,"column":4},"end":{"line":204,"column":29}},"199":{"start":{"line":205,"column":4},"end":{"line":205,"column":33}},"200":{"start":{"line":206,"column":4},"end":{"line":206,"column":35}},"201":{"start":{"line":207,"column":4},"end":{"line":207,"column":32}},"202":{"start":{"line":208,"column":4},"end":{"line":208,"column":31}},"203":{"start":{"line":209,"column":4},"end":{"line":209,"column":31}},"204":{"start":{"line":210,"column":4},"end":{"line":210,"column":38}},"205":{"start":{"line":211,"column":4},"end":{"line":211,"column":30}},"206":{"start":{"line":212,"column":4},"end":{"line":212,"column":35}},"207":{"start":{"line":213,"column":4},"end":{"line":213,"column":56}},"208":{"start":{"line":214,"column":4},"end":{"line":214,"column":28}},"209":{"start":{"line":215,"column":4},"end":{"line":215,"column":32}},"210":{"start":{"line":216,"column":4},"end":{"line":216,"column":28}},"211":{"start":{"line":217,"column":4},"end":{"line":217,"column":34}},"212":{"start":{"line":218,"column":4},"end":{"line":218,"column":31}},"213":{"start":{"line":219,"column":4},"end":{"line":219,"column":45}},"214":{"start":{"line":220,"column":4},"end":{"line":220,"column":32}},"215":{"start":{"line":221,"column":4},"end":{"line":221,"column":29}},"216":{"start":{"line":222,"column":4},"end":{"line":222,"column":34}},"217":{"start":{"line":223,"column":4},"end":{"line":223,"column":48}},"218":{"start":{"line":224,"column":4},"end":{"line":224,"column":43}},"219":{"start":{"line":225,"column":4},"end":{"line":225,"column":29}},"220":{"start":{"line":226,"column":4},"end":{"line":226,"column":33}},"221":{"start":{"line":227,"column":4},"end":{"line":227,"column":31}},"222":{"start":{"line":228,"column":4},"end":{"line":228,"column":31}},"223":{"start":{"line":229,"column":4},"end":{"line":229,"column":33}},"224":{"start":{"line":230,"column":4},"end":{"line":230,"column":27}},"225":{"start":{"line":231,"column":4},"end":{"line":231,"column":30}},"226":{"start":{"line":232,"column":4},"end":{"line":232,"column":28}},"227":{"start":{"line":233,"column":4},"end":{"line":233,"column":42}},"228":{"start":{"line":234,"column":4},"end":{"line":234,"column":30}},"229":{"start":{"line":235,"column":4},"end":{"line":235,"column":29}},"230":{"start":{"line":236,"column":4},"end":{"line":236,"column":35}},"231":{"start":{"line":237,"column":4},"end":{"line":237,"column":47}},"232":{"start":{"line":238,"column":4},"end":{"line":238,"column":29}},"233":{"start":{"line":239,"column":4},"end":{"line":239,"column":29}},"234":{"start":{"line":240,"column":4},"end":{"line":240,"column":30}},"235":{"start":{"line":241,"column":4},"end":{"line":241,"column":43}},"236":{"start":{"line":242,"column":4},"end":{"line":242,"column":37}},"237":{"start":{"line":243,"column":4},"end":{"line":243,"column":36}},"238":{"start":{"line":244,"column":4},"end":{"line":244,"column":53}},"239":{"start":{"line":245,"column":4},"end":{"line":245,"column":30}},"240":{"start":{"line":246,"column":4},"end":{"line":246,"column":33}},"241":{"start":{"line":247,"column":4},"end":{"line":247,"column":30}},"242":{"start":{"line":248,"column":4},"end":{"line":248,"column":32}},"243":{"start":{"line":249,"column":4},"end":{"line":249,"column":30}},"244":{"start":{"line":250,"column":4},"end":{"line":250,"column":45}},"245":{"start":{"line":251,"column":4},"end":{"line":251,"column":40}},"246":{"start":{"line":252,"column":4},"end":{"line":252,"column":40}},"247":{"start":{"line":253,"column":4},"end":{"line":253,"column":37}},"248":{"start":{"line":254,"column":4},"end":{"line":254,"column":28}},"249":{"start":{"line":255,"column":4},"end":{"line":255,"column":29}},"250":{"start":{"line":256,"column":4},"end":{"line":256,"column":31}}},"fnMap":{"0":{"name":"(anonymous_0)","decl":{"start":{"line":8,"column":1},"end":{"line":8,"column":2}},"loc":{"start":{"line":8,"column":20},"end":{"line":257,"column":1}},"line":8}},"branchMap":{"0":{"loc":{"start":{"line":257,"column":13},"end":{"line":257,"column":54}},"type":"binary-expr","locations":[{"start":{"line":257,"column":13},"end":{"line":257,"column":28}},{"start":{"line":257,"column":33},"end":{"line":257,"column":53}}],"line":257}},"s":{"0":3,"1":3,"2":3,"3":3,"4":3,"5":3,"6":3,"7":3,"8":3,"9":3,"10":3,"11":3,"12":3,"13":3,"14":3,"15":3,"16":3,"17":3,"18":3,"19":3,"20":3,"21":3,"22":3,"23":3,"24":3,"25":3,"26":3,"27":3,"28":3,"29":3,"30":3,"31":3,"32":3,"33":3,"34":3,"35":3,"36":3,"37":3,"38":3,"39":3,"40":3,"41":3,"42":3,"43":3,"44":3,"45":3,"46":3,"47":3,"48":3,"49":3,"50":3,"51":3,"52":3,"53":3,"54":3,"55":3,"56":3,"57":3,"58":3,"59":3,"60":3,"61":3,"62":3,"63":3,"64":3,"65":3,"66":3,"67":3,"68":3,"69":3,"70":3,"71":3,"72":3,"73":3,"74":3,"75":3,"76":3,"77":3,"78":3,"79":3,"80":3,"81":3,"82":3,"83":3,"84":3,"85":3,"86":3,"87":3,"88":3,"89":3,"90":3,"91":3,"92":3,"93":3,"94":3,"95":3,"96":3,"97":3,"98":3,"99":3,"100":3,"101":3,"102":3,"103":3,"104":3,"105":3,"106":3,"107":3,"108":3,"109":3,"110":3,"111":3,"112":3,"113":3,"114":3,"115":3,"116":3,"117":3,"118":3,"119":3,"120":3,"121":3,"122":3,"123":3,"124":3,"125":3,"126":3,"127":3,"128":3,"129":3,"130":3,"131":3,"132":3,"133":3,"134":3,"135":3,"136":3,"137":3,"138":3,"139":3,"140":3,"141":3,"142":3,"143":3,"144":3,"145":3,"146":3,"147":3,"148":3,"149":3,"150":3,"151":3,"152":3,"153":3,"154":3,"155":3,"156":3,"157":3,"158":3,"159":3,"160":3,"161":3,"162":3,"163":3,"164":3,"165":3,"166":3,"167":3,"168":3,"169":3,"170":3,"171":3,"172":3,"173":3,"174":3,"175":3,"176":3,"177":3,"178":3,"179":3,"180":3,"181":3,"182":3,"183":3,"184":3,"185":3,"186":3,"187":3,"188":3,"189":3,"190":3,"191":3,"192":3,"193":3,"194":3,"195":3,"196":3,"197":3,"198":3,"199":3,"200":3,"201":3,"202":3,"203":3,"204":3,"205":3,"206":3,"207":3,"208":3,"209":3,"210":3,"211":3,"212":3,"213":3,"214":3,"215":3,"216":3,"217":3,"218":3,"219":3,"220":3,"221":3,"222":3,"223":3,"224":3,"225":3,"226":3,"227":3,"228":3,"229":3,"230":3,"231":3,"232":3,"233":3,"234":3,"235":3,"236":3,"237":3,"238":3,"239":3,"240":3,"241":3,"242":3,"243":3,"244":3,"245":3,"246":3,"247":3,"248":3,"249":3,"250":3},"f":{"0":3},"b":{"0":[3,3]},"inputSourceMap":null,"_coverageSchema":"1a1c01bbd47fc00a2c39e90264f33305004495a9","hash":"e1c8f9a952d62b9490dfcf4352bb1a73fc421c6a"}
,"/home/mstefanutti/personal-ws/users-api/src/Contexts/Shared/domain/value-objects/CountryValueObject.ts": {"path":"/home/mstefanutti/personal-ws/users-api/src/Contexts/Shared/domain/value-objects/CountryValueObject.ts","statementMap":{"0":{"start":{"line":2,"column":0},"end":{"line":2,"column":62}},"1":{"start":{"line":3,"column":0},"end":{"line":3,"column":36}},"2":{"start":{"line":4,"column":17},"end":{"line":4,"column":37}},"3":{"start":{"line":5,"column":22},"end":{"line":5,"column":46}},"4":{"start":{"line":8,"column":8},"end":{"line":10,"column":9}},"5":{"start":{"line":9,"column":12},"end":{"line":9,"column":118}},"6":{"start":{"line":11,"column":8},"end":{"line":11,"column":27}},"7":{"start":{"line":14,"column":8},"end":{"line":14,"column":26}},"8":{"start":{"line":17,"column":0},"end":{"line":17,"column":48}}},"fnMap":{"0":{"name":"(anonymous_0)","decl":{"start":{"line":7,"column":4},"end":{"line":7,"column":5}},"loc":{"start":{"line":7,"column":23},"end":{"line":12,"column":5}},"line":7},"1":{"name":"(anonymous_1)","decl":{"start":{"line":13,"column":4},"end":{"line":13,"column":5}},"loc":{"start":{"line":13,"column":15},"end":{"line":15,"column":5}},"line":13}},"branchMap":{"0":{"loc":{"start":{"line":8,"column":8},"end":{"line":10,"column":9}},"type":"if","locations":[{"start":{"line":8,"column":8},"end":{"line":10,"column":9}},{"start":{"line":8,"column":8},"end":{"line":10,"column":9}}],"line":8}},"s":{"0":3,"1":3,"2":3,"3":3,"4":7,"5":0,"6":7,"7":0,"8":3},"f":{"0":7,"1":0},"b":{"0":[0,7]},"inputSourceMap":null,"_coverageSchema":"1a1c01bbd47fc00a2c39e90264f33305004495a9","hash":"5694f8ec95acd8f17a83a4a73bc369b293fbdd0f"}
,"/home/mstefanutti/personal-ws/users-api/src/Contexts/Shared/domain/value-objects/EmailValueObject.ts": {"path":"/home/mstefanutti/personal-ws/users-api/src/Contexts/Shared/domain/value-objects/EmailValueObject.ts","statementMap":{"0":{"start":{"line":2,"column":0},"end":{"line":2,"column":62}},"1":{"start":{"line":3,"column":0},"end":{"line":3,"column":34}},"2":{"start":{"line":4,"column":16},"end":{"line":4,"column":42}},"3":{"start":{"line":7,"column":8},"end":{"line":7,"column":39}},"4":{"start":{"line":8,"column":8},"end":{"line":8,"column":27}},"5":{"start":{"line":11,"column":8},"end":{"line":11,"column":26}},"6":{"start":{"line":14,"column":28},"end":{"line":14,"column":70}},"7":{"start":{"line":15,"column":8},"end":{"line":17,"column":9}},"8":{"start":{"line":16,"column":12},"end":{"line":16,"column":117}},"9":{"start":{"line":20,"column":0},"end":{"line":20,"column":44}}},"fnMap":{"0":{"name":"(anonymous_0)","decl":{"start":{"line":6,"column":4},"end":{"line":6,"column":5}},"loc":{"start":{"line":6,"column":23},"end":{"line":9,"column":5}},"line":6},"1":{"name":"(anonymous_1)","decl":{"start":{"line":10,"column":4},"end":{"line":10,"column":5}},"loc":{"start":{"line":10,"column":15},"end":{"line":12,"column":5}},"line":10},"2":{"name":"(anonymous_2)","decl":{"start":{"line":13,"column":4},"end":{"line":13,"column":5}},"loc":{"start":{"line":13,"column":30},"end":{"line":18,"column":5}},"line":13}},"branchMap":{"0":{"loc":{"start":{"line":15,"column":8},"end":{"line":17,"column":9}},"type":"if","locations":[{"start":{"line":15,"column":8},"end":{"line":17,"column":9}},{"start":{"line":15,"column":8},"end":{"line":17,"column":9}}],"line":15}},"s":{"0":3,"1":3,"2":3,"3":9,"4":9,"5":1,"6":9,"7":9,"8":0,"9":3},"f":{"0":9,"1":1,"2":9},"b":{"0":[0,9]},"inputSourceMap":null,"_coverageSchema":"1a1c01bbd47fc00a2c39e90264f33305004495a9","hash":"5d1acdd473b02f2d61f73e6057573765bf3bd698"}
,"/home/mstefanutti/personal-ws/users-api/src/Contexts/Shared/domain/value-objects/PasswordValueObject.ts": {"path":"/home/mstefanutti/personal-ws/users-api/src/Contexts/Shared/domain/value-objects/PasswordValueObject.ts","statementMap":{"0":{"start":{"line":2,"column":22},"end":{"line":4,"column":1}},"1":{"start":{"line":3,"column":4},"end":{"line":3,"column":62}},"2":{"start":{"line":5,"column":0},"end":{"line":5,"column":62}},"3":{"start":{"line":6,"column":0},"end":{"line":6,"column":37}},"4":{"start":{"line":7,"column":16},"end":{"line":7,"column":42}},"5":{"start":{"line":8,"column":17},"end":{"line":8,"column":51}},"6":{"start":{"line":11,"column":8},"end":{"line":17,"column":9}},"7":{"start":{"line":12,"column":12},"end":{"line":12,"column":46}},"8":{"start":{"line":13,"column":12},"end":{"line":13,"column":45}},"9":{"start":{"line":16,"column":12},"end":{"line":16,"column":31}},"10":{"start":{"line":20,"column":31},"end":{"line":20,"column":88}},"11":{"start":{"line":21,"column":8},"end":{"line":23,"column":9}},"12":{"start":{"line":22,"column":12},"end":{"line":22,"column":120}},"13":{"start":{"line":26,"column":27},"end":{"line":26,"column":29}},"14":{"start":{"line":27,"column":21},"end":{"line":27,"column":61}},"15":{"start":{"line":28,"column":8},"end":{"line":28,"column":58}},"16":{"start":{"line":31,"column":8},"end":{"line":31,"column":67}},"17":{"start":{"line":34,"column":0},"end":{"line":34,"column":50}}},"fnMap":{"0":{"name":"(anonymous_0)","decl":{"start":{"line":2,"column":56},"end":{"line":2,"column":57}},"loc":{"start":{"line":2,"column":71},"end":{"line":4,"column":1}},"line":2},"1":{"name":"(anonymous_1)","decl":{"start":{"line":10,"column":4},"end":{"line":10,"column":5}},"loc":{"start":{"line":10,"column":34},"end":{"line":18,"column":5}},"line":10},"2":{"name":"(anonymous_2)","decl":{"start":{"line":19,"column":4},"end":{"line":19,"column":5}},"loc":{"start":{"line":19,"column":36},"end":{"line":24,"column":5}},"line":19},"3":{"name":"(anonymous_3)","decl":{"start":{"line":25,"column":4},"end":{"line":25,"column":5}},"loc":{"start":{"line":25,"column":23},"end":{"line":29,"column":5}},"line":25},"4":{"name":"(anonymous_4)","decl":{"start":{"line":30,"column":4},"end":{"line":30,"column":5}},"loc":{"start":{"line":30,"column":23},"end":{"line":32,"column":5}},"line":30}},"branchMap":{"0":{"loc":{"start":{"line":2,"column":22},"end":{"line":4,"column":1}},"type":"binary-expr","locations":[{"start":{"line":2,"column":23},"end":{"line":2,"column":27}},{"start":{"line":2,"column":31},"end":{"line":2,"column":51}},{"start":{"line":2,"column":56},"end":{"line":4,"column":1}}],"line":2},"1":{"loc":{"start":{"line":3,"column":11},"end":{"line":3,"column":61}},"type":"cond-expr","locations":[{"start":{"line":3,"column":37},"end":{"line":3,"column":40}},{"start":{"line":3,"column":43},"end":{"line":3,"column":61}}],"line":3},"2":{"loc":{"start":{"line":3,"column":12},"end":{"line":3,"column":33}},"type":"binary-expr","locations":[{"start":{"line":3,"column":12},"end":{"line":3,"column":15}},{"start":{"line":3,"column":19},"end":{"line":3,"column":33}}],"line":3},"3":{"loc":{"start":{"line":11,"column":8},"end":{"line":17,"column":9}},"type":"if","locations":[{"start":{"line":11,"column":8},"end":{"line":17,"column":9}},{"start":{"line":11,"column":8},"end":{"line":17,"column":9}}],"line":11},"4":{"loc":{"start":{"line":21,"column":8},"end":{"line":23,"column":9}},"type":"if","locations":[{"start":{"line":21,"column":8},"end":{"line":23,"column":9}},{"start":{"line":21,"column":8},"end":{"line":23,"column":9}}],"line":21}},"s":{"0":3,"1":3,"2":3,"3":3,"4":3,"5":3,"6":7,"7":6,"8":6,"9":1,"10":6,"11":6,"12":0,"13":6,"14":6,"15":6,"16":1,"17":3},"f":{"0":3,"1":7,"2":6,"3":6,"4":1},"b":{"0":[3,3,3],"1":[0,3],"2":[3,3],"3":[6,1],"4":[0,6]},"inputSourceMap":null,"_coverageSchema":"1a1c01bbd47fc00a2c39e90264f33305004495a9","hash":"e591998e74626661cf348a8735bc315c6472554e"}
,"/home/mstefanutti/personal-ws/users-api/src/Contexts/Shared/domain/value-objects/PhoneNumberValueObject.ts": {"path":"/home/mstefanutti/personal-ws/users-api/src/Contexts/Shared/domain/value-objects/PhoneNumberValueObject.ts","statementMap":{"0":{"start":{"line":2,"column":0},"end":{"line":2,"column":62}},"1":{"start":{"line":3,"column":0},"end":{"line":3,"column":40}},"2":{"start":{"line":4,"column":16},"end":{"line":4,"column":42}},"3":{"start":{"line":7,"column":8},"end":{"line":7,"column":45}},"4":{"start":{"line":8,"column":8},"end":{"line":8,"column":27}},"5":{"start":{"line":11,"column":8},"end":{"line":11,"column":26}},"6":{"start":{"line":14,"column":34},"end":{"line":14,"column":64}},"7":{"start":{"line":15,"column":8},"end":{"line":17,"column":9}},"8":{"start":{"line":16,"column":12},"end":{"line":16,"column":123}},"9":{"start":{"line":20,"column":0},"end":{"line":20,"column":56}}},"fnMap":{"0":{"name":"(anonymous_0)","decl":{"start":{"line":6,"column":4},"end":{"line":6,"column":5}},"loc":{"start":{"line":6,"column":23},"end":{"line":9,"column":5}},"line":6},"1":{"name":"(anonymous_1)","decl":{"start":{"line":10,"column":4},"end":{"line":10,"column":5}},"loc":{"start":{"line":10,"column":15},"end":{"line":12,"column":5}},"line":10},"2":{"name":"(anonymous_2)","decl":{"start":{"line":13,"column":4},"end":{"line":13,"column":5}},"loc":{"start":{"line":13,"column":42},"end":{"line":18,"column":5}},"line":13}},"branchMap":{"0":{"loc":{"start":{"line":15,"column":8},"end":{"line":17,"column":9}},"type":"if","locations":[{"start":{"line":15,"column":8},"end":{"line":17,"column":9}},{"start":{"line":15,"column":8},"end":{"line":17,"column":9}}],"line":15}},"s":{"0":3,"1":3,"2":3,"3":7,"4":7,"5":0,"6":7,"7":7,"8":0,"9":3},"f":{"0":7,"1":0,"2":7},"b":{"0":[0,7]},"inputSourceMap":null,"_coverageSchema":"1a1c01bbd47fc00a2c39e90264f33305004495a9","hash":"565407d1a1840fdabc146af82ddb8f2a9ac2e0ba"}
,"/home/mstefanutti/personal-ws/users-api/src/Contexts/Shared/domain/value-objects/StringValueObject.ts": {"path":"/home/mstefanutti/personal-ws/users-api/src/Contexts/Shared/domain/value-objects/StringValueObject.ts","statementMap":{"0":{"start":{"line":2,"column":0},"end":{"line":2,"column":62}},"1":{"start":{"line":3,"column":0},"end":{"line":3,"column":35}},"2":{"start":{"line":6,"column":8},"end":{"line":6,"column":27}},"3":{"start":{"line":9,"column":8},"end":{"line":9,"column":26}},"4":{"start":{"line":12,"column":0},"end":{"line":12,"column":46}}},"fnMap":{"0":{"name":"(anonymous_0)","decl":{"start":{"line":5,"column":4},"end":{"line":5,"column":5}},"loc":{"start":{"line":5,"column":23},"end":{"line":7,"column":5}},"line":5},"1":{"name":"(anonymous_1)","decl":{"start":{"line":8,"column":4},"end":{"line":8,"column":5}},"loc":{"start":{"line":8,"column":15},"end":{"line":10,"column":5}},"line":8}},"branchMap":{},"s":{"0":3,"1":3,"2":23,"3":0,"4":3},"f":{"0":23,"1":0},"b":{},"inputSourceMap":null,"_coverageSchema":"1a1c01bbd47fc00a2c39e90264f33305004495a9","hash":"5fb0b4305d90abe31cd9d7cc8a83039eaf47a43e"}
,"/home/mstefanutti/personal-ws/users-api/src/Contexts/Shared/domain/value-objects/Uuid.ts": {"path":"/home/mstefanutti/personal-ws/users-api/src/Contexts/Shared/domain/value-objects/Uuid.ts","statementMap":{"0":{"start":{"line":2,"column":22},"end":{"line":4,"column":1}},"1":{"start":{"line":3,"column":4},"end":{"line":3,"column":62}},"2":{"start":{"line":5,"column":0},"end":{"line":5,"column":62}},"3":{"start":{"line":6,"column":0},"end":{"line":6,"column":22}},"4":{"start":{"line":7,"column":15},"end":{"line":7,"column":30}},"5":{"start":{"line":8,"column":24},"end":{"line":8,"column":65}},"6":{"start":{"line":9,"column":16},"end":{"line":9,"column":42}},"7":{"start":{"line":12,"column":8},"end":{"line":12,"column":38}},"8":{"start":{"line":13,"column":8},"end":{"line":13,"column":27}},"9":{"start":{"line":16,"column":8},"end":{"line":16,"column":42}},"10":{"start":{"line":19,"column":8},"end":{"line":21,"column":9}},"11":{"start":{"line":20,"column":12},"end":{"line":20,"column":114}},"12":{"start":{"line":24,"column":8},"end":{"line":24,"column":26}},"13":{"start":{"line":27,"column":0},"end":{"line":27,"column":20}}},"fnMap":{"0":{"name":"(anonymous_0)","decl":{"start":{"line":2,"column":56},"end":{"line":2,"column":57}},"loc":{"start":{"line":2,"column":71},"end":{"line":4,"column":1}},"line":2},"1":{"name":"(anonymous_1)","decl":{"start":{"line":11,"column":4},"end":{"line":11,"column":5}},"loc":{"start":{"line":11,"column":23},"end":{"line":14,"column":5}},"line":11},"2":{"name":"(anonymous_2)","decl":{"start":{"line":15,"column":4},"end":{"line":15,"column":5}},"loc":{"start":{"line":15,"column":20},"end":{"line":17,"column":5}},"line":15},"3":{"name":"(anonymous_3)","decl":{"start":{"line":18,"column":4},"end":{"line":18,"column":5}},"loc":{"start":{"line":18,"column":26},"end":{"line":22,"column":5}},"line":18},"4":{"name":"(anonymous_4)","decl":{"start":{"line":23,"column":4},"end":{"line":23,"column":5}},"loc":{"start":{"line":23,"column":15},"end":{"line":25,"column":5}},"line":23}},"branchMap":{"0":{"loc":{"start":{"line":2,"column":22},"end":{"line":4,"column":1}},"type":"binary-expr","locations":[{"start":{"line":2,"column":23},"end":{"line":2,"column":27}},{"start":{"line":2,"column":31},"end":{"line":2,"column":51}},{"start":{"line":2,"column":56},"end":{"line":4,"column":1}}],"line":2},"1":{"loc":{"start":{"line":3,"column":11},"end":{"line":3,"column":61}},"type":"cond-expr","locations":[{"start":{"line":3,"column":37},"end":{"line":3,"column":40}},{"start":{"line":3,"column":43},"end":{"line":3,"column":61}}],"line":3},"2":{"loc":{"start":{"line":3,"column":12},"end":{"line":3,"column":33}},"type":"binary-expr","locations":[{"start":{"line":3,"column":12},"end":{"line":3,"column":15}},{"start":{"line":3,"column":19},"end":{"line":3,"column":33}}],"line":3},"3":{"loc":{"start":{"line":19,"column":8},"end":{"line":21,"column":9}},"type":"if","locations":[{"start":{"line":19,"column":8},"end":{"line":21,"column":9}},{"start":{"line":19,"column":8},"end":{"line":21,"column":9}}],"line":19}},"s":{"0":3,"1":3,"2":3,"3":3,"4":3,"5":3,"6":3,"7":8,"8":8,"9":0,"10":8,"11":0,"12":1,"13":3},"f":{"0":3,"1":8,"2":0,"3":8,"4":1},"b":{"0":[3,3,3],"1":[0,3],"2":[3,3],"3":[0,8]},"inputSourceMap":null,"_coverageSchema":"1a1c01bbd47fc00a2c39e90264f33305004495a9","hash":"04dc097d890355010953eff695f8e9280614088d"}
,"/home/mstefanutti/personal-ws/users-api/src/Contexts/Shared/infrastructure/persistence/mongo/MongoClientFactory.ts": {"path":"/home/mstefanutti/personal-ws/users-api/src/Contexts/Shared/infrastructure/persistence/mongo/MongoClientFactory.ts","statementMap":{"0":{"start":{"line":3,"column":16},"end":{"line":11,"column":1}},"1":{"start":{"line":4,"column":28},"end":{"line":4,"column":110}},"2":{"start":{"line":4,"column":91},"end":{"line":4,"column":106}},"3":{"start":{"line":5,"column":4},"end":{"line":10,"column":7}},"4":{"start":{"line":6,"column":36},"end":{"line":6,"column":97}},"5":{"start":{"line":6,"column":42},"end":{"line":6,"column":70}},"6":{"start":{"line":6,"column":85},"end":{"line":6,"column":95}},"7":{"start":{"line":7,"column":35},"end":{"line":7,"column":100}},"8":{"start":{"line":7,"column":41},"end":{"line":7,"column":73}},"9":{"start":{"line":7,"column":88},"end":{"line":7,"column":98}},"10":{"start":{"line":8,"column":32},"end":{"line":8,"column":116}},"11":{"start":{"line":9,"column":8},"end":{"line":9,"column":78}},"12":{"start":{"line":12,"column":0},"end":{"line":12,"column":62}},"13":{"start":{"line":13,"column":0},"end":{"line":13,"column":36}},"14":{"start":{"line":15,"column":18},"end":{"line":15,"column":36}},"15":{"start":{"line":18,"column":8},"end":{"line":25,"column":11}},"16":{"start":{"line":19,"column":25},"end":{"line":19,"column":66}},"17":{"start":{"line":20,"column":12},"end":{"line":23,"column":13}},"18":{"start":{"line":21,"column":16},"end":{"line":21,"column":81}},"19":{"start":{"line":22,"column":16},"end":{"line":22,"column":71}},"20":{"start":{"line":24,"column":12},"end":{"line":24,"column":26}},"21":{"start":{"line":28,"column":8},"end":{"line":28,"column":55}},"22":{"start":{"line":31,"column":8},"end":{"line":35,"column":11}},"23":{"start":{"line":32,"column":27},"end":{"line":32,"column":91}},"24":{"start":{"line":33,"column":12},"end":{"line":33,"column":35}},"25":{"start":{"line":34,"column":12},"end":{"line":34,"column":26}},"26":{"start":{"line":38,"column":8},"end":{"line":38,"column":57}},"27":{"start":{"line":41,"column":0},"end":{"line":41,"column":48}},"28":{"start":{"line":42,"column":0},"end":{"line":42,"column":32}}},"fnMap":{"0":{"name":"(anonymous_0)","decl":{"start":{"line":3,"column":44},"end":{"line":3,"column":45}},"loc":{"start":{"line":3,"column":89},"end":{"line":11,"column":1}},"line":3},"1":{"name":"adopt","decl":{"start":{"line":4,"column":13},"end":{"line":4,"column":18}},"loc":{"start":{"line":4,"column":26},"end":{"line":4,"column":112}},"line":4},"2":{"name":"(anonymous_2)","decl":{"start":{"line":4,"column":70},"end":{"line":4,"column":71}},"loc":{"start":{"line":4,"column":89},"end":{"line":4,"column":108}},"line":4},"3":{"name":"(anonymous_3)","decl":{"start":{"line":5,"column":36},"end":{"line":5,"column":37}},"loc":{"start":{"line":5,"column":63},"end":{"line":10,"column":5}},"line":5},"4":{"name":"fulfilled","decl":{"start":{"line":6,"column":17},"end":{"line":6,"column":26}},"loc":{"start":{"line":6,"column":34},"end":{"line":6,"column":99}},"line":6},"5":{"name":"rejected","decl":{"start":{"line":7,"column":17},"end":{"line":7,"column":25}},"loc":{"start":{"line":7,"column":33},"end":{"line":7,"column":102}},"line":7},"6":{"name":"step","decl":{"start":{"line":8,"column":17},"end":{"line":8,"column":21}},"loc":{"start":{"line":8,"column":30},"end":{"line":8,"column":118}},"line":8},"7":{"name":"(anonymous_7)","decl":{"start":{"line":17,"column":4},"end":{"line":17,"column":5}},"loc":{"start":{"line":17,"column":45},"end":{"line":26,"column":5}},"line":17},"8":{"name":"(anonymous_8)","decl":{"start":{"line":18,"column":47},"end":{"line":18,"column":48}},"loc":{"start":{"line":18,"column":60},"end":{"line":25,"column":9}},"line":18},"9":{"name":"(anonymous_9)","decl":{"start":{"line":27,"column":4},"end":{"line":27,"column":5}},"loc":{"start":{"line":27,"column":34},"end":{"line":29,"column":5}},"line":27},"10":{"name":"(anonymous_10)","decl":{"start":{"line":30,"column":4},"end":{"line":30,"column":5}},"loc":{"start":{"line":30,"column":42},"end":{"line":36,"column":5}},"line":30},"11":{"name":"(anonymous_11)","decl":{"start":{"line":31,"column":47},"end":{"line":31,"column":48}},"loc":{"start":{"line":31,"column":60},"end":{"line":35,"column":9}},"line":31},"12":{"name":"(anonymous_12)","decl":{"start":{"line":37,"column":4},"end":{"line":37,"column":5}},"loc":{"start":{"line":37,"column":47},"end":{"line":39,"column":5}},"line":37}},"branchMap":{"0":{"loc":{"start":{"line":3,"column":16},"end":{"line":11,"column":1}},"type":"binary-expr","locations":[{"start":{"line":3,"column":17},"end":{"line":3,"column":21}},{"start":{"line":3,"column":25},"end":{"line":3,"column":39}},{"start":{"line":3,"column":44},"end":{"line":11,"column":1}}],"line":3},"1":{"loc":{"start":{"line":4,"column":35},"end":{"line":4,"column":109}},"type":"cond-expr","locations":[{"start":{"line":4,"column":56},"end":{"line":4,"column":61}},{"start":{"line":4,"column":64},"end":{"line":4,"column":109}}],"line":4},"2":{"loc":{"start":{"line":5,"column":16},"end":{"line":5,"column":34}},"type":"binary-expr","locations":[{"start":{"line":5,"column":16},"end":{"line":5,"column":17}},{"start":{"line":5,"column":22},"end":{"line":5,"column":33}}],"line":5},"3":{"loc":{"start":{"line":8,"column":32},"end":{"line":8,"column":115}},"type":"cond-expr","locations":[{"start":{"line":8,"column":4
[...]
:{"line":7,"column":5}},"type":"if","locations":[{"start":{"line":5,"column":4},"end":{"line":7,"column":5}},{"start":{"line":5,"column":4},"end":{"line":7,"column":5}}],"line":5},"4":{"loc":{"start":{"line":5,"column":8},"end":{"line":5,"column":85}},"type":"binary-expr","locations":[{"start":{"line":5,"column":8},"end":{"line":5,"column":13}},{"start":{"line":5,"column":18},"end":{"line":5,"column":84}}],"line":5},"5":{"loc":{"start":{"line":5,"column":18},"end":{"line":5,"column":84}},"type":"cond-expr","locations":[{"start":{"line":5,"column":34},"end":{"line":5,"column":47}},{"start":{"line":5,"column":50},"end":{"line":5,"column":84}}],"line":5},"6":{"loc":{"start":{"line":5,"column":50},"end":{"line":5,"column":84}},"type":"binary-expr","locations":[{"start":{"line":5,"column":50},"end":{"line":5,"column":63}},{"start":{"line":5,"column":67},"end":{"line":5,"column":84}}],"line":5},"7":{"loc":{"start":{"line":10,"column":4},"end":{"line":10,"column":33}},"type":"if","locations":[{"start":{"line":10,"column":4},"end":{"line":10,"column":33}},{"start":{"line":10,"column":4},"end":{"line":10,"column":33}}],"line":10},"8":{"loc":{"start":{"line":13,"column":25},"end":{"line":17,"column":2}},"type":"binary-expr","locations":[{"start":{"line":13,"column":26},"end":{"line":13,"column":30}},{"start":{"line":13,"column":34},"end":{"line":13,"column":57}},{"start":{"line":13,"column":63},"end":{"line":17,"column":1}}],"line":13},"9":{"loc":{"start":{"line":13,"column":63},"end":{"line":17,"column":1}},"type":"cond-expr","locations":[{"start":{"line":13,"column":80},"end":{"line":15,"column":1}},{"start":{"line":15,"column":5},"end":{"line":17,"column":1}}],"line":13},"10":{"loc":{"start":{"line":18,"column":19},"end":{"line":24,"column":1}},"type":"binary-expr","locations":[{"start":{"line":18,"column":20},"end":{"line":18,"column":24}},{"start":{"line":18,"column":28},"end":{"line":18,"column":45}},{"start":{"line":18,"column":50},"end":{"line":24,"column":1}}],"line":18},"11":{"loc":{"start":{"line":19,"column":4},"end":{"line":19,"column":42}},"type":"if","locations":[{"start":{"line":19,"column":4},"end":{"line":19,"column":42}},{"start":{"line":19,"column":4},"end":{"line":19,"column":42}}],"line":19},"12":{"loc":{"start":{"line":19,"column":8},"end":{"line":19,"column":29}},"type":"binary-expr","locations":[{"start":{"line":19,"column":8},"end":{"line":19,"column":11}},{"start":{"line":19,"column":15},"end":{"line":19,"column":29}}],"line":19},"13":{"loc":{"start":{"line":21,"column":4},"end":{"line":21,"column":141}},"type":"if","locations":[{"start":{"line":21,"column":4},"end":{"line":21,"column":141}},{"start":{"line":21,"column":4},"end":{"line":21,"column":141}}],"line":21},"14":{"loc":{"start":{"line":21,"column":40},"end":{"line":21,"column":141}},"type":"if","locations":[{"start":{"line":21,"column":40},"end":{"line":21,"column":141}},{"start":{"line":21,"column":40},"end":{"line":21,"column":141}}],"line":21},"15":{"loc":{"start":{"line":21,"column":44},"end":{"line":21,"column":107}},"type":"binary-expr","locations":[{"start":{"line":21,"column":44},"end":{"line":21,"column":59}},{"start":{"line":21,"column":63},"end":{"line":21,"column":107}}],"line":21}},"s":{"0":3,"1":84,"2":84,"3":84,"4":84,"5":84,"6":5,"7":84,"8":0,"9":0,"10":0,"11":3,"12":3,"13":0,"14":3,"15":3,"16":0,"17":3,"18":3,"19":3,"20":90,"21":84,"22":3,"23":3,"24":3,"25":3,"26":3,"27":5,"28":3},"f":{"0":84,"1":5,"2":0,"3":3,"4":0,"5":3,"6":5},"b":{"0":[3,3,3],"1":[3,0],"2":[84,0],"3":[84,0],"4":[84,84],"5":[0,84],"6":[84,0],"7":[0,0],"8":[3,3,3],"9":[3,0],"10":[3,3,3],"11":[0,3],"12":[3,3],"13":[3,0],"14":[84,6],"15":[90,90]},"inputSourceMap":null,"_coverageSchema":"1a1c01bbd47fc00a2c39e90264f33305004495a9","hash":"788b88a4a0060349607fdd1b2ebff8ddbb9210a3"}
,"/home/mstefanutti/personal-ws/users-api/tests/Contexts/Shared/domain/UuidMother.ts": {"path":"/home/mstefanutti/personal-ws/users-api/tests/Contexts/Shared/domain/UuidMother.ts","statementMap":{"0":{"start":{"line":2,"column":22},"end":{"line":12,"column":3}},"1":{"start":{"line":3,"column":4},"end":{"line":3,"column":33}},"2":{"start":{"line":3,"column":26},"end":{"line":3,"column":33}},"3":{"start":{"line":4,"column":15},"end":{"line":4,"column":52}},"4":{"start":{"line":5,"column":4},"end":{"line":7,"column":5}},"5":{"start":{"line":6,"column":6},"end":{"line":6,"column":68}},"6":{"start":{"line":6,"column":51},"end":{"line":6,"column":63}},"7":{"start":{"line":8,"column":4},"end":{"line":8,"column":39}},"8":{"start":{"line":10,"column":4},"end":{"line":10,"column":33}},"9":{"start":{"line":10,"column":26},"end":{"line":10,"column":33}},"10":{"start":{"line":11,"column":4},"end":{"line":11,"column":17}},"11":{"start":{"line":13,"column":25},"end":{"line":17,"column":2}},"12":{"start":{"line":14,"column":4},"end":{"line":14,"column":72}},"13":{"start":{"line":16,"column":4},"end":{"line":16,"column":21}},"14":{"start":{"line":18,"column":19},"end":{"line":24,"column":1}},"15":{"start":{"line":19,"column":4},"end":{"line":19,"column":42}},"16":{"start":{"line":19,"column":31},"end":{"line":19,"column":42}},"17":{"start":{"line":20,"column":17},"end":{"line":20,"column":19}},"18":{"start":{"line":21,"column":4},"end":{"line":21,"column":141}},"19":{"start":{"line":21,"column":21},"end":{"line":21,"column":141}},"20":{"start":{"line":21,"column":40},"end":{"line":21,"column":141}},"21":{"start":{"line":21,"column":109},"end":{"line":21,"column":141}},"22":{"start":{"line":22,"column":4},"end":{"line":22,"column":36}},"23":{"start":{"line":23,"column":4},"end":{"line":23,"column":18}},"24":{"start":{"line":25,"column":0},"end":{"line":25,"column":62}},"25":{"start":{"line":26,"column":0},"end":{"line":26,"column":28}},"26":{"start":{"line":27,"column":14},"end":{"line":27,"column":44}},"27":{"start":{"line":30,"column":8},"end":{"line":30,"column":37}},"28":{"start":{"line":33,"column":0},"end":{"line":33,"column":32}}},"fnMap":{"0":{"name":"(anonymous_0)","decl":{"start":{"line":2,"column":74},"end":{"line":2,"column":75}},"loc":{"start":{"line":2,"column":96},"end":{"line":9,"column":1}},"line":2},"1":{"name":"(anonymous_1)","decl":{"start":{"line":6,"column":38},"end":{"line":6,"column":39}},"loc":{"start":{"line":6,"column":49},"end":{"line":6,"column":65}},"line":6},"2":{"name":"(anonymous_2)","decl":{"start":{"line":9,"column":6},"end":{"line":9,"column":7}},"loc":{"start":{"line":9,"column":28},"end":{"line":12,"column":1}},"line":9},"3":{"name":"(anonymous_3)","decl":{"start":{"line":13,"column":80},"end":{"line":13,"column":81}},"loc":{"start":{"line":13,"column":95},"end":{"line":15,"column":1}},"line":13},"4":{"name":"(anonymous_4)","decl":{"start":{"line":15,"column":5},"end":{"line":15,"column":6}},"loc":{"start":{"line":15,"column":20},"end":{"line":17,"column":1}},"line":15},"5":{"name":"(anonymous_5)","decl":{"start":{"line":18,"column":50},"end":{"line":18,"column":51}},"loc":{"start":{"line":18,"column":65},"end":{"line":24,"column":1}},"line":18},"6":{"name":"(anonymous_6)","decl":{"start":{"line":29,"column":4},"end":{"line":29,"column":5}},"loc":{"start":{"line":29,"column":20},"end":{"line":31,"column":5}},"line":29}},"branchMap":{"0":{"loc":{"start":{"line":2,"column":22},"end":{"line":12,"column":3}},"type":"binary-expr","locations":[{"start":{"line":2,"column":23},"end":{"line":2,"column":27}},{"start":{"line":2,"column":31},"end":{"line":2,"column":51}},{"start":{"line":2,"column":57},"end":{"line":12,"column":2}}],"line":2},"1":{"loc":{"start":{"line":2,"column":57},"end":{"line":12,"column":2}},"type":"cond-expr","locations":[{"start":{"line":2,"column":74},"end":{"line":9,"column":1}},{"start":{"line":9,"column":6},"end":{"line":12,"column":1}}],"line":2},"2":{"loc":{"start":{"line":3,"column":4},"end":{"line":3,"column":33}},"type":"if","locations":[{"start":{"line":3,"column":4},"end":{"line":3,"column":33}},{"start":{"line":3,"column":4},"end":{"line":3,"column":33}}],"line":3},"3":{"loc":{"start":{"line":5,"column":4},"end":{"line":7,"column":5}},"type":"if","locations":[{"start":{"line":5,"column":4},"end":{"line":7,"column":5}},{"start":{"line":5,"column":4},"end":{"line":7,"column":5}}],"line":5},"4":{"loc":{"start":{"line":5,"column":8},"end":{"line":5,"column":85}},"type":"binary-expr","locations":[{"start":{"line":5,"column":8},"end":{"line":5,"column":13}},{"start":{"line":5,"column":18},"end":{"line":5,"column":84}}],"line":5},"5":{"loc":{"start":{"line":5,"column":18},"end":{"line":5,"column":84}},"type":"cond-expr","locations":[{"start":{"line":5,"column":34},"end":{"line":5,"column":47}},{"start":{"line":5,"column":50},"end":{"line":5,"column":84}}],"line":5},"6":{"loc":{"start":{"line":5,"column":50},"end":{"line":5,"column":84}},"type":"binary-expr","locations":[{"start":{"line":5,"column":50},"end":{"line":5,"column":63}},{"start":{"line":5,"column":67},"end":{"line":5,"column":84}}],"line":5},"7":{"loc":{"start":{"line":10,"column":4},"end":{"line":10,"column":33}},"type":"if","locations":[{"start":{"line":10,"column":4},"end":{"line":10,"column":33}},{"start":{"line":10,"column":4},"end":{"line":10,"column":33}}],"line":10},"8":{"loc":{"start":{"line":13,"column":25},"end":{"line":17,"column":2}},"type":"binary-expr","locations":[{"start":{"line":13,"column":26},"end":{"line":13,"column":30}},{"start":{"line":13,"column":34},"end":{"line":13,"column":57}},{"start":{"line":13,"column":63},"end":{"line":17,"column":1}}],"line":13},"9":{"loc":{"start":{"line":13,"column":63},"end":{"line":17,"column":1}},"type":"cond-expr","locations":[{"start":{"line":13,"column":80},"end":{"line":15,"column":1}},{"start":{"line":15,"column":5},"end":{"line":17,"column":1}}],"line":13},"10":{"loc":{"start":{"line":18,"column":19},"end":{"line":24,"column":1}},"type":"binary-expr","locations":[{"start":{"line":18,"column":20},"end":{"line":18,"column":24}},{"start":{"line":18,"column":28},"end":{"line":18,"column":45}},{"start":{"line":18,"column":50},"end":{"line":24,"column":1}}],"line":18},"11":{"loc":{"start":{"line":19,"column":4},"end":{"line":19,"column":42}},"type":"if","locations":[{"start":{"line":19,"column":4},"end":{"line":19,"column":42}},{"start":{"line":19,"column":4},"end":{"line":19,"column":42}}],"line":19},"12":{"loc":{"start":{"line":19,"column":8},"end":{"line":19,"column":29}},"type":"binary-expr","locations":[{"start":{"line":19,"column":8},"end":{"line":19,"column":11}},{"start":{"line":19,"column":15},"end":{"line":19,"column":29}}],"line":19},"13":{"loc":{"start":{"line":21,"column":4},"end":{"line":21,"column":141}},"type":"if","locations":[{"start":{"line":21,"column":4},"end":{"line":21,"column":141}},{"start":{"line":21,"column":4},"end":{"line":21,"column":141}}],"line":21},"14":{"loc":{"start":{"line":21,"column":40},"end":{"line":21,"column":141}},"type":"if","locations":[{"start":{"line":21,"column":40},"end":{"line":21,"column":141}},{"start":{"line":21,"column":40},"end":{"line":21,"column":141}}],"line":21},"15":{"loc":{"start":{"line":21,"column":44},"end":{"line":21,"column":107}},"type":"binary-expr","locations":[{"start":{"line":21,"column":44},"end":{"line":21,"column":59}},{"start":{"line":21,"column":63},"end":{"line":21,"column":107}}],"line":21}},"s":{"0":3,"1":84,"2":84,"3":84,"4":84,"5":84,"6":5,"7":84,"8":0,"9":0,"10":0,"11":3,"12":3,"13":0,"14":3,"15":3,"16":0,"17":3,"18":3,"19":3,"20":90,"21":84,"22":3,"23":3,"24":3,"25":3,"26":3,"27":5,"28":3},"f":{"0":84,"1":5,"2":0,"3":3,"4":0,"5":3,"6":5},"b":{"0":[3,3,3],"1":[3,0],"2":[84,0],"3":[84,0],"4":[84,84],"5":[0,84],"6":[84,0],"7":[0,0],"8":[3,3,3],"9":[3,0],"10":[3,3,3],"11":[0,3],"12":[3,3],"13":[3,0],"14":[84,6],"15":[90,90]},"inputSourceMap":null,"_coverageSchema":"1a1c01bbd47fc00a2c39e90264f33305004495a9","hash":"6c8538bf301f160d778331098dbf789138012000"}
,"/home/mstefanutti/personal-ws/users-api/tests/Contexts/Shared/infrastructure/arranger/EnvironmentArranger.ts": {"path":"/home/mstefanutti/personal-ws/users-api/tests/Contexts/Shared/infrastructure/arranger/EnvironmentArranger.ts","statementMap":{"0":{"start":{"line":2,"column":0},"end":{"line":2,"column":62}},"1":{"start":{"line":3,"column":0},"end":{"line":3,"column":37}},"2":{"start":{"line":6,"column":0},"end":{"line":6,"column":50}}},"fnMap":{},"branchMap":{},"s":{"0":1,"1":1,"2":1},"f":{},"b":{},"inputSourceMap":null,"_coverageSchema":"1a1c01bbd47fc00a2c39e90264f33305004495a9","hash":"b0faf2950f4b0f0cf26bff8a0f498527424e4c2b"}
,"/home/mstefanutti/personal-ws/users-api/tests/Contexts/Shared/infrastructure/mongo/MongoEnvironmentArranger.ts": {"path":"/home/mstefanutti/personal-ws/users-api/tests/Contexts/Shared/infrastructure/mongo/MongoEnvironmentArranger.ts","statementMap":{"0":{"start":{"line":2,"column":16},"end":{"line":10,"column":1}},"1":{"start":{"line":3,"column":28},"end":{"line":3,"column":110}},"2":{"start":{"line":3,"column":91},"end":{"line":3,"column":106}},"3":{"start":{"line":4,"column":4},"end":{"line":9,"column":7}},"4":{"start":{"line":5,"column":36},"end":{"line":5,"column":97}},"5":{"start":{"line":5,"column":42},"end":{"line":5,"column":70}},"6":{"start":{"line":5,"column":85},"end":{"line":5,"column":95}},"7":{"start":{"line":6,"column":35},"end":{"line":6,"column":100}},"8":{"start":{"line":6,"column":41},"end":{"line":6,"column":73}},"9":{"start":{"line":6,"column":88},"end":{"line":6,"column":98}},"10":{"start":{"line":7,"column":32},"end":{"line":7,"column":116}},"11":{"start":{"line":8,"column":8},"end":{"line":8,"column":78}},"12":{"start":{"line":11,"column":0},"end":{"line":11,"column":62}},"13":{"start":{"line":12,"column":0},"end":{"line":12,"column":42}},"14":{"start":{"line":13,"column":30},"end":{"line":13,"column":72}},"15":{"start":{"line":16,"column":8},"end":{"line":16,"column":16}},"16":{"start":{"line":17,"column":8},"end":{"line":17,"column":31}},"17":{"start":{"line":20,"column":8},"end":{"line":22,"column":11}},"18":{"start":{"line":21,"column":12},"end":{"line":21,"column":39}},"19":{"start":{"line":25,"column":8},"end":{"line":31,"column":11}},"20":{"start":{"line":26,"column":32},"end":{"line":26,"column":56}},"21":{"start":{"line":27,"column":27},"end":{"line":27,"column":46}},"22":{"start":{"line":28,"column":12},"end":{"line":30,"column":13}},"23":{"start":{"line":29,"column":16},"end":{"line":29,"column":72}},"24":{"start":{"line":34,"column":8},"end":{"line":38,"column":11}},"25":{"start":{"line":35,"column":27},"end":{"line":35,"column":46}},"26":{"start":{"line":36,"column":32},"end":{"line":36,"column":106}},"27":{"start":{"line":37,"column":12},"end":{"line":37,"column":66}},"28":{"start":{"line":37,"column":49},"end":{"line":37,"column":64}},"29":{"start":{"line":41,"column":8},"end":{"line":41,"column":28}},"30":{"start":{"line":44,"column":8},"end":{"line":46,"column":11}},"31":{"start":{"line":45,"column":12},"end":{"line":45,"column":49}},"32":{"start":{"line":49,"column":0},"end":{"line":49,"column":60}}},"fnMap":{"0":{"name":"(anonymous_0)","decl":{"start":{"line":2,"column":44},"end":{"line":2,"column":45}},"loc":{"start":{"line":2,"column":89},"end":{"line":10,"column":1}},"line":2},"1":{"name":"adopt","decl":{"start":{"line":3,"column":13},"end":{"line":3,"column":18}},"loc":{"start":{"line":3,"column":26},"end":{"line":3,"column":112}},"line":3},"2":{"name":"(anonymous_2)","decl":{"start":{"line":3,"column":70},"end":{"line":3,"column":71}},"loc":{"start":{"line":3,"column":89},"end":{"line":3,"column":108}},"line":3},"3":{"name":"(anonymous_3)","decl":{"start":{"line":4,"column":36},"end":{"line":4,"column":37}},"loc":{"start":{"line":4,"column":63},"end":{"line":9,"column":5}},"line":4},"4":{"name":"fulfilled","decl":{"start":{"line":5,"column":17},"end":{"line":5,"column":26}},"loc":{"start":{"line":5,"column":34},"end":{"line":5,"column":99}},"line":5},"5":{"name":"rejected","decl":{"start":{"line":6,"column":17},"end":{"line":6,"column":25}},"loc":{"start":{"line":6,"column":33},"end":{"line":6,"column":102}},"line":6},"6":{"name":"step","decl":{"start":{"line":7,"column":17},"end":{"line":7,"column":21}},"loc":{"start":{"line":7,"column":30},"end":{"line":7,"column":118}},"line":7},"7":{"name":"(anonymous_7)","decl":{"start":{"line":15,"column":4},"end":{"line":15,"column":5}},"loc":{"start":{"line":15,"column":25},"end":{"line":18,"column":5}},"line":15},"8":{"name":"(anonymous_8)","decl":{"start":{"line":19,"column":4},"end":{"line":19,"column":5}},"loc":{"start":{"line":19,"column":14},"end":{"line":23,"column":5}},"line":19},"9":{"name":"(anonymous_9)","decl":{"start":{"line":20,"column":47},"end":{"line":20,"column":48}},"loc":{"start":{"line":20,"column":60},"end":{"line":22,"column":9}},"line":20},"10":{"name":"(anonymous_10)","decl":{"start":{"line":24,"column":4},"end":{"line":24,"column":5}},"loc":{"start":{"line":24,"column":20},"end":{"line":32,"column":5}},"line":24},"11":{"name":"(anonymous_11)","decl":{"start":{"line":25,"column":47},"end":{"line":25,"column":48}},"loc":{"start":{"line":25,"column":60},"end":{"line":31,"column":9}},"line":25},"12":{"name":"(anonymous_12)","decl":{"start":{"line":33,"column":4},"end":{"line":33,"column":5}},"loc":{"start":{"line":33,"column":18},"end":{"line":39,"column":5}},"line":33},"13":{"name":"(anonymous_13)","decl":{"start":{"line":34,"column":47},"end":{"line":34,"column":48}},"loc":{"start":{"line":34,"column":60},"end":{"line":38,"column":9}},"line":34},"14":{"name":"(anonymous_14)","decl":{"start":{"line":37,"column":35},"end":{"line":37,"column":36}},"loc":{"start":{"line":37,"column":49},"end":{"line":37,"column":64}},"line":37},"15":{"name":"(anonymous_15)","decl":{"start":{"line":40,"column":4},"end":{"line":40,"column":5}},"loc":{"start":{"line":40,"column":13},"end":{"line":42,"column":5}},"line":40},"16":{"name":"(anonymous_16)","decl":{"start":{"line":43,"column":4},"end":{"line":43,"column":5}},"loc":{"start":{"line":43,"column":12},"end":{"line":47,"column":5}},"line":43},"17":{"name":"(anonymous_17)","decl":{"start":{"line":44,"column":47},"end":{"line":44,"column":48}},"loc":{"start":{"line":44,"column":60},"end":{"line":46,"column":9}},"line":44}},"branchMap":{"0":{"loc":{"start":{"line":2,"column":16},"end":{"line":10,"column":1}},"type":"binary-expr","locations":[{"start":{"line":2,"column":17},"end":{"line":2,"column":21}},{"start":{"line":2,"column":25},"end":{"line":2,"column":39}},{"start":{"line":2,"column":44},"end":{"line":10,"column":1}}],"line":2},"1":{"loc":{"start":{"line":3,"column":35},"end":{"line":3,"column":109}},"type":"cond-expr","locations":[{"start":{"line":3,"column":56},"end":{"line":3,"column":61}},{"start":{"line":3,"column":64},"end":{"line":3,"column":109}}],"line":3},"2":{"loc":{"start":{"line":4,"column":16},"end":{"line":4,"column":34}},"type":"binary-expr","locations":[{"start":{"line":4,"column":16},"end":{"line":4,"column":17}},{"start":{"line":4,"column":22},"end":{"line":4,"column":33}}],"line":4},"3":{"loc":{"start":{"line":7,"column":32},"end":{"line":7,"column":115}},"type":"cond-expr","locations":[{"start":{"line":7,"column":46},"end":{"line":7,"column":67}},{"start":{"line":7,"column":70},"end":{"line":7,"column":115}}],"line":7},"4":{"loc":{"start":{"line":8,"column":51},"end":{"line":8,"column":67}},"type":"binary-expr","locations":[{"start":{"line":8,"column":51},"end":{"line":8,"column":61}},{"start":{"line":8,"column":65},"end":{"line":8,"column":67}}],"line":8}},"s":{"0":1,"1":13,"2":0,"3":7,"4":13,"5":13,"6":0,"7":0,"8":0,"9":0,"10":20,"11":7,"12":1,"13":1,"14":1,"15":1,"16":1,"17":2,"18":2,"19":2,"20":2,"21":2,"22":2,"23":2,"24":2,"25":2,"26":2,"27":2,"28":2,"29":5,"30":1,"31":1,"32":1},"f":{"0":7,"1":13,"2":0,"3":7,"4":13,"5":0,"6":20,"7":1,"8":2,"9":2,"10":2,"11":2,"12":2,"13":2,"14":2,"15":5,"16":1,"17":1},"b":{"0":[1,1,1],"1":[13,0],"2":[7,7],"3":[7,13],"4":[7,7]},"inputSourceMap":null,"_coverageSchema":"1a1c01bbd47fc00a2c39e90264f33305004495a9","hash":"d4cdafa0814b9a361968379dee5997fcaaeb3cbb"}
}
