TN:
SF:src/Contexts/Auth/Shared/domain/Users/UserId.ts
FNF:0
FNH:0
DA:2,3
DA:3,3
DA:4,3
DA:7,3
LF:4
LH:4
BRF:0
BRH:0
end_of_record
TN:
SF:src/Contexts/Auth/Shared/infrastructure/config/index.ts
FN:2,(anonymous_0)
FNF:1
FNH:1
FNDA:2,(anonymous_0)
DA:2,2
DA:3,2
DA:5,2
DA:6,2
DA:7,2
DA:29,2
DA:30,2
LF:7
LH:7
BRDA:2,0,0,2
BRDA:2,0,1,2
BRDA:2,0,2,2
BRDA:3,1,0,0
BRDA:3,1,1,2
BRDA:3,2,0,2
BRDA:3,2,1,2
BRF:7
BRH:6
end_of_record
TN:
SF:src/Contexts/Auth/Shared/infrastructure/persistence/mongo/MongoConfigFactory.ts
FN:2,(anonymous_0)
FN:12,(anonymous_1)
FNF:2
FNH:2
FNDA:1,(anonymous_0)
FNDA:1,(anonymous_1)
DA:2,1
DA:3,1
DA:5,1
DA:6,1
DA:7,1
DA:8,1
DA:13,1
DA:16,1
LF:8
LH:8
BRDA:2,0,0,1
BRDA:2,0,1,1
BRDA:2,0,2,1
BRDA:3,1,0,1
BRDA:3,1,1,0
BRDA:3,2,0,1
BRDA:3,2,1,1
BRF:7
BRH:6
end_of_record
TN:
SF:src/Contexts/Auth/Users/application/LoginCreator.ts
FN:2,(anonymous_0)
FN:3,adopt
FN:3,(anonymous_2)
FN:4,(anonymous_3)
FN:5,fulfilled
FN:6,rejected
FN:7,step
FN:16,(anonymous_7)
FN:19,(anonymous_8)
FN:20,(anonymous_9)
FNF:10
FNH:8
FNDA:1,(anonymous_0)
FNDA:1,adopt
FNDA:0,(anonymous_2)
FNDA:1,(anonymous_3)
FNDA:1,fulfilled
FNDA:0,rejected
FNDA:2,step
FNDA:1,(anonymous_7)
FNDA:1,(anonymous_8)
FNDA:1,(anonymous_9)
DA:2,1
DA:3,1
DA:4,1
DA:5,1
DA:6,0
DA:7,2
DA:8,1
DA:11,1
DA:12,1
DA:13,1
DA:14,1
DA:17,1
DA:20,1
DA:21,1
DA:22,1
DA:23,1
DA:24,1
DA:28,1
LF:18
LH:17
BRDA:2,0,0,1
BRDA:2,0,1,1
BRDA:2,0,2,1
BRDA:3,1,0,1
BRDA:3,1,1,0
BRDA:4,2,0,1
BRDA:4,2,1,1
BRDA:7,3,0,1
BRDA:7,3,1,1
BRDA:8,4,0,1
BRDA:8,4,1,1
BRF:11
BRH:10
end_of_record
TN:
SF:src/Contexts/Auth/Users/application/UserCreator.ts
FN:2,(anonymous_0)
FN:3,adopt
FN:3,(anonymous_2)
FN:4,(anonymous_3)
FN:5,fulfilled
FN:6,rejected
FN:7,step
FN:24,(anonymous_7)
FN:27,(anonymous_8)
FN:28,(anonymous_9)
FNF:10
FNH:6
FNDA:1,(anonymous_0)
FNDA:0,adopt
FNDA:0,(anonymous_2)
FNDA:1,(anonymous_3)
FNDA:0,fulfilled
FNDA:0,rejected
FNDA:1,step
FNDA:1,(anonymous_7)
FNDA:1,(anonymous_8)
FNDA:1,(anonymous_9)
DA:2,2
DA:3,0
DA:4,1
DA:5,0
DA:6,0
DA:7,1
DA:8,1
DA:11,2
DA:12,2
DA:13,2
DA:14,2
DA:15,2
DA:16,2
DA:17,2
DA:18,2
DA:19,2
DA:20,2
DA:21,2
DA:22,2
DA:25,1
DA:28,1
DA:29,1
DA:40,1
DA:44,2
LF:24
LH:21
BRDA:2,0,0,2
BRDA:2,0,1,2
BRDA:2,0,2,2
BRDA:3,1,0,0
BRDA:3,1,1,0
BRDA:4,2,0,1
BRDA:4,2,1,1
BRDA:7,3,0,1
BRDA:7,3,1,0
BRDA:8,4,0,1
BRDA:8,4,1,1
BRF:11
BRH:8
end_of_record
TN:
SF:src/Contexts/Auth/Users/domain/IncomingToken.ts
FN:9,(anonymous_0)
FN:12,(anonymous_1)
FNF:2
FNH:2
FNDA:1,(anonymous_0)
FNDA:1,(anonymous_1)
DA:2,1
DA:3,1
DA:4,1
DA:5,1
DA:6,1
DA:7,1
DA:10,1
DA:13,1
DA:14,1
DA:15,1
DA:16,1
DA:19,1
LF:12
LH:12
BRF:0
BRH:0
end_of_record
TN:
SF:src/Contexts/Auth/Users/domain/Roles.ts
FN:5,(anonymous_0)
FNF:1
FNH:1
FNDA:3,(anonymous_0)
DA:2,3
DA:3,3
DA:5,3
DA:6,3
DA:7,3
LF:5
LH:5
BRDA:8,0,0,3
BRDA:8,0,1,3
BRF:2
BRH:2
end_of_record
TN:
SF:src/Contexts/Auth/Users/domain/User.ts
FN:16,(anonymous_0)
FN:28,(anonymous_1)
FN:34,(anonymous_2)
FN:47,(anonymous_3)
FNF:4
FNH:4
FNDA:7,(anonymous_0)
FNDA:1,(anonymous_1)
FNDA:1,(anonymous_2)
FNDA:1,(anonymous_3)
DA:2,3
DA:3,3
DA:4,3
DA:5,3
DA:6,3
DA:7,3
DA:8,3
DA:9,3
DA:10,3
DA:11,3
DA:12,3
DA:13,3
DA:14,3
DA:17,7
DA:18,7
DA:19,7
DA:20,7
DA:21,7
DA:22,7
DA:23,7
DA:24,7
DA:25,7
DA:26,7
DA:29,1
DA:30,0
DA:35,1
DA:48,1
DA:61,3
LF:28
LH:27
BRDA:29,0,0,0
BRDA:29,0,1,1
BRF:2
BRH:1
end_of_record
TN:
SF:src/Contexts/Auth/Users/domain/UserCountry.ts
FNF:0
FNH:0
DA:2,3
DA:3,3
DA:4,3
DA:7,3
LF:4
LH:4
BRF:0
BRH:0
end_of_record
TN:
SF:src/Contexts/Auth/Users/domain/UserEmail.ts
FNF:0
FNH:0
DA:2,3
DA:3,3
DA:4,3
DA:7,3
LF:4
LH:4
BRF:0
BRH:0
end_of_record
TN:
SF:src/Contexts/Auth/Users/domain/UserFirstName.ts
FN:7,(anonymous_0)
FN:11,(anonymous_1)
FNF:2
FNH:2
FNDA:7,(anonymous_0)
FNDA:7,(anonymous_1)
DA:2,3
DA:3,3
DA:4,3
DA:5,3
DA:8,7
DA:9,7
DA:12,7
DA:13,0
DA:17,3
LF:9
LH:8
BRDA:12,0,0,0
BRDA:12,0,1,7
BRF:2
BRH:1
end_of_record
TN:
SF:src/Contexts/Auth/Users/domain/UserLastName.ts
FN:7,(anonymous_0)
FN:11,(anonymous_1)
FNF:2
FNH:2
FNDA:7,(anonymous_0)
FNDA:7,(anonymous_1)
DA:2,3
DA:3,3
DA:4,3
DA:5,3
DA:8,7
DA:9,7
DA:12,7
DA:13,0
DA:17,3
LF:9
LH:8
BRDA:12,0,0,0
BRDA:12,0,1,7
BRF:2
BRH:1
end_of_record
TN:
SF:src/Contexts/Auth/Users/domain/UserName.ts
FN:7,(anonymous_0)
FN:11,(anonymous_1)
FNF:2
FNH:2
FNDA:7,(anonymous_0)
FNDA:7,(anonymous_1)
DA:2,3
DA:3,3
DA:4,3
DA:5,3
DA:8,7
DA:9,7
DA:12,7
DA:13,0
DA:17,3
LF:9
LH:8
BRDA:12,0,0,0
BRDA:12,0,1,7
BRF:2
BRH:1
end_of_record
TN:
SF:src/Contexts/Auth/Users/domain/UserPassword.ts
FNF:0
FNH:0
DA:2,3
DA:3,3
DA:4,3
DA:7,3
LF:4
LH:4
BRF:0
BRH:0
end_of_record
TN:
SF:src/Contexts/Auth/Users/domain/UserPhone.ts
FNF:0
FNH:0
DA:2,3
DA:3,3
DA:4,3
DA:7,3
LF:4
LH:4
BRF:0
BRH:0
end_of_record
TN:
SF:src/Contexts/Auth/Users/domain/UserRoles.ts
FN:7,(anonymous_0)
FN:9,(anonymous_1)
FN:16,(anonymous_2)
FN:18,(anonymous_3)
FNF:4
FNH:2
FNDA:7,(anonymous_0)
FNDA:14,(anonymous_1)
FNDA:0,(anonymous_2)
FNDA:0,(anonymous_3)
DA:2,3
DA:3,3
DA:4,3
DA:5,3
DA:8,7
DA:9,7
DA:10,14
DA:11,0
DA:14,7
DA:17,0
DA:18,0
DA:19,0
DA:22,3
LF:13
LH:9
BRDA:10,0,0,0
BRDA:10,0,1,14
BRF:2
BRH:1
end_of_record
TN:
SF:src/Contexts/Auth/Users/domain/UserToken.ts
FN:7,(anonymous_0)
FNF:1
FNH:1
FNDA:1,(anonymous_0)
DA:2,1
DA:3,1
DA:4,1
DA:5,1
DA:8,1
DA:9,1
DA:12,1
LF:7
LH:7
BRF:0
BRH:0
end_of_record
TN:
SF:src/Contexts/Auth/Users/infrastructure/persistence/MongoUserRepository.ts
FN:2,(anonymous_0)
FN:3,adopt
FN:3,(anonymous_2)
FN:4,(anonymous_3)
FN:5,fulfilled
FN:6,rejected
FN:7,step
FN:16,(anonymous_7)
FN:19,(anonymous_8)
FN:20,(anonymous_9)
FN:36,(anonymous_10)
FN:37,(anonymous_11)
FN:41,(anonymous_12)
FNF:13
FNH:9
FNDA:1,(anonymous_0)
FNDA:2,adopt
FNDA:0,(anonymous_2)
FNDA:1,(anonymous_3)
FNDA:2,fulfilled
FNDA:0,rejected
FNDA:3,step
FNDA:1,(anonymous_7)
FNDA:1,(anonymous_8)
FNDA:1,(anonymous_9)
FNDA:0,(anonymous_10)
FNDA:0,(anonymous_11)
FNDA:2,(anonymous_12)
DA:2,1
DA:3,2
DA:4,1
DA:5,2
DA:6,0
DA:7,3
DA:8,1
DA:11,1
DA:12,1
DA:13,1
DA:14,1
DA:17,1
DA:20,1
DA:21,1
DA:22,1
DA:23,1
DA:37,0
DA:38,0
DA:42,2
DA:45,1
LF:20
LH:17
BRDA:2,0,0,1
BRDA:2,0,1,1
BRDA:2,0,2,1
BRDA:3,1,0,2
BRDA:3,1,1,0
BRDA:4,2,0,1
BRDA:4,2,1,1
BRDA:7,3,0,1
BRDA:7,3,1,2
BRDA:8,4,0,1
BRDA:8,4,1,1
BRDA:23,5,0,1
BRDA:23,5,1,0
BRF:13
BRH:11
end_of_record
TN:
SF:src/Contexts/Shared/domain/AggregateRoot.ts
FNF:0
FNH:0
DA:2,3
DA:3,3
DA:6,3
LF:3
LH:3
BRF:0
BRH:0
end_of_record
TN:
SF:src/Contexts/Shared/domain/errors/index.ts
FNF:0
FNH:0
DA:2,3
DA:3,3
DA:6,3
DA:9,3
LF:4
LH:4
BRF:0
BRH:0
end_of_record
TN:
SF:src/Contexts/Shared/domain/value-objects/CountryEnum.ts
FN:8,(anonymous_0)
FNF:1
FNH:1
FNDA:3,(anonymous_0)
DA:5,3
DA:6,3
DA:8,3
DA:9,3
DA:10,3
DA:11,3
DA:12,3
DA:13,3
DA:14,3
DA:15,3
DA:16,3
DA:17,3
DA:18,3
DA:19,3
DA:20,3
DA:21,3
DA:22,3
DA:23,3
DA:24,3
DA:25,3
DA:26,3
DA:27,3
DA:28,3
DA:29,3
DA:30,3
DA:31,3
DA:32,3
DA:33,3
DA:34,3
DA:35,3
DA:36,3
DA:37,3
DA:38,3
DA:39,3
DA:40,3
DA:41,3
DA:42,3
DA:43,3
DA:44,3
DA:45,3
DA:46,3
DA:47,3
DA:48,3
DA:49,3
DA:50,3
DA:51,3
DA:52,3
DA:53,3
DA:54,3
DA:55,3
DA:56,3
DA:57,3
DA:58,3
DA:59,3
DA:60,3
DA:61,3
DA:62,3
DA:63,3
DA:64,3
DA:65,3
DA:66,3
DA:67,3
DA:68,3
DA:69,3
DA:70,3
DA:71,3
DA:72,3
DA:73,3
DA:74,3
DA:75,3
DA:76,3
DA:77,3
DA:78,3
DA:79,3
DA:80,3
DA:81,3
DA:82,3
DA:83,3
DA:84,3
DA:85,3
DA:86,3
DA:87,3
DA:88,3
DA:89,3
DA:90,3
DA:91,3
DA:92,3
DA:93,3
DA:94,3
DA:95,3
DA:96,3
DA:97,3
DA:98,3
DA:99,3
DA:100,3
DA:101,3
DA:102,3
DA:103,3
DA:104,3
DA:105,3
DA:106,3
DA:107,3
DA:108,3
DA:109,3
DA:110,3
DA:111,3
DA:112,3
DA:113,3
DA:114,3
DA:115,3
DA:116,3
DA:117,3
DA:118,3
DA:119,3
DA:120,3
DA:121,3
DA:122,3
DA:123,3
DA:124,3
DA:125,3
DA:126,3
DA:127,3
DA:128,3
DA:129,3
DA:130,3
DA:131,3
DA:132,3
DA:133,3
DA:134,3
DA:135,3
DA:136,3
DA:137,3
DA:138,3
DA:139,3
DA:140,3
DA:141,3
DA:142,3
DA:143,3
DA:144,3
DA:145,3
DA:146,3
DA:147,3
DA:148,3
DA:149,3
DA:150,3
DA:151,3
DA:152,3
DA:153,3
DA:154,3
DA:155,3
DA:156,3
DA:157,3
DA:158,3
DA:159,3
DA:160,3
DA:161,3
DA:162,3
DA:163,3
DA:164,3
DA:165,3
DA:166,3
DA:167,3
DA:168,3
DA:169,3
DA:170,3
DA:171,3
DA:172,3
DA:173,3
DA:174,3
DA:175,3
DA:176,3
DA:177,3
DA:178,3
DA:179,3
DA:180,3
DA:181,3
DA:182,3
DA:183,3
DA:184,3
DA:185,3
DA:186,3
DA:187,3
DA:188,3
DA:189,3
DA:190,3
DA:191,3
DA:192,3
DA:193,3
DA:194,3
DA:195,3
DA:196,3
DA:197,3
DA:198,3
DA:199,3
DA:200,3
DA:201,3
DA:202,3
DA:203,3
DA:204,3
DA:205,3
DA:206,3
DA:207,3
DA:208,3
DA:209,3
DA:210,3
DA:211,3
DA:212,3
DA:213,3
DA:214,3
DA:215,3
DA:216,3
DA:217,3
DA:218,3
DA:219,3
DA:220,3
DA:221,3
DA:222,3
DA:223,3
DA:224,3
DA:225,3
DA:226,3
DA:227,3
DA:228,3
DA:229,3
DA:230,3
DA:231,3
DA:232,3
DA:233,3
DA:234,3
DA:235,3
DA:236,3
DA:237,3
DA:238,3
DA:239,3
DA:240,3
DA:241,3
DA:242,3
DA:243,3
DA:244,3
DA:245,3
DA:246,3
DA:247,3
DA:248,3
DA:249,3
DA:250,3
DA:251,3
DA:252,3
DA:253,3
DA:254,3
DA:255,3
DA:256,3
LF:251
LH:251
BRDA:257,0,0,3
BRDA:257,0,1,3
BRF:2
BRH:2
end_of_record
TN:
SF:src/Contexts/Shared/domain/value-objects/CountryValueObject.ts
FN:7,(anonymous_0)
FN:13,(anonymous_1)
FNF:2
FNH:1
FNDA:7,(anonymous_0)
FNDA:0,(anonymous_1)
DA:2,3
DA:3,3
DA:4,3
DA:5,3
DA:8,7
DA:9,0
DA:11,7
DA:14,0
DA:17,3
LF:9
LH:7
BRDA:8,0,0,0
BRDA:8,0,1,7
BRF:2
BRH:1
end_of_record
TN:
SF:src/Contexts/Shared/domain/value-objects/EmailValueObject.ts
FN:6,(anonymous_0)
FN:10,(anonymous_1)
FN:13,(anonymous_2)
FNF:3
FNH:3
FNDA:9,(anonymous_0)
FNDA:1,(anonymous_1)
FNDA:9,(anonymous_2)
DA:2,3
DA:3,3
DA:4,3
DA:7,9
DA:8,9
DA:11,1
DA:14,9
DA:15,9
DA:16,0
DA:20,3
LF:10
LH:9
BRDA:15,0,0,0
BRDA:15,0,1,9
BRF:2
BRH:1
end_of_record
TN:
SF:src/Contexts/Shared/domain/value-objects/PasswordValueObject.ts
FN:2,(anonymous_0)
FN:10,(anonymous_1)
FN:19,(anonymous_2)
FN:25,(anonymous_3)
FN:30,(anonymous_4)
FNF:5
FNH:5
FNDA:3,(anonymous_0)
FNDA:7,(anonymous_1)
FNDA:6,(anonymous_2)
FNDA:6,(anonymous_3)
FNDA:1,(anonymous_4)
DA:2,3
DA:3,3
DA:5,3
DA:6,3
DA:7,3
DA:8,3
DA:11,7
DA:12,6
DA:13,6
DA:16,1
DA:20,6
DA:21,6
DA:22,0
DA:26,6
DA:27,6
DA:28,6
DA:31,1
DA:34,3
LF:18
LH:17
BRDA:2,0,0,3
BRDA:2,0,1,3
BRDA:2,0,2,3
BRDA:3,1,0,0
BRDA:3,1,1,3
BRDA:3,2,0,3
BRDA:3,2,1,3
BRDA:11,3,0,6
BRDA:11,3,1,1
BRDA:21,4,0,0
BRDA:21,4,1,6
BRF:11
BRH:9
end_of_record
TN:
SF:src/Contexts/Shared/domain/value-objects/PhoneNumberValueObject.ts
FN:6,(anonymous_0)
FN:10,(anonymous_1)
FN:13,(anonymous_2)
FNF:3
FNH:2
FNDA:7,(anonymous_0)
FNDA:0,(anonymous_1)
FNDA:7,(anonymous_2)
DA:2,3
DA:3,3
DA:4,3
DA:7,7
DA:8,7
DA:11,0
DA:14,7
DA:15,7
DA:16,0
DA:20,3
LF:10
LH:8
BRDA:15,0,0,0
BRDA:15,0,1,7
BRF:2
BRH:1
end_of_record
TN:
SF:src/Contexts/Shared/domain/value-objects/StringValueObject.ts
FN:5,(anonymous_0)
FN:8,(anonymous_1)
FNF:2
FNH:1
FNDA:23,(anonymous_0)
FNDA:0,(anonymous_1)
DA:2,3
DA:3,3
DA:6,23
DA:9,0
DA:12,3
LF:5
LH:4
BRF:0
BRH:0
end_of_record
TN:
SF:src/Contexts/Shared/domain/value-objects/Uuid.ts
FN:2,(anonymous_0)
FN:11,(anonymous_1)
FN:15,(anonymous_2)
FN:18,(anonymous_3)
FN:23,(anonymous_4)
FNF:5
FNH:4
FNDA:3,(anonymous_0)
FNDA:8,(anonymous_1)
FNDA:0,(anonymous_2)
FNDA:8,(anonymous_3)
FNDA:1,(anonymous_4)
DA:2,3
DA:3,3
DA:5,3
DA:6,3
DA:7,3
DA:8,3
DA:9,3
DA:12,8
DA:13,8
DA:16,0
DA:19,8
DA:20,0
DA:24,1
DA:27,3
LF:14
LH:12
BRDA:2,0,0,3
BRDA:2,0,1,3
BRDA:2,0,2,3
BRDA:3,1,0,0
BRDA:3,1,1,3
BRDA:3,2,0,3
BRDA:3,2,1,3
BRDA:19,3,0,0
BRDA:19,3,1,8
BRF:9
BRH:7
end_of_record
TN:
SF:src/Contexts/Shared/infrastructure/persistence/mongo/MongoClientFactory.ts
FN:3,(anonymous_0)
FN:4,adopt
FN:4,(anonymous_2)
FN:5,(anonymous_3)
FN:6,fulfilled
FN:7,rejected
FN:8,step
FN:17,(anonymous_7)
FN:18,(anonymous_8)
FN:27,(anonymous_9)
FN:30,(anonymous_10)
FN:31,(anonymous_11)
FN:37,(anonymous_12)
FNF:13
FNH:11
FNDA:9,(anonymous_0)
FNDA:6,adopt
FNDA:0,(anonymous_2)
FNDA:9,(anonymous_3)
FNDA:6,fulfilled
FNDA:0,rejected
FNDA:15,step
FNDA:6,(anonymous_7)
FNDA:6,(anonymous_8)
FNDA:6,(anonymous_9)
FNDA:3,(anonymous_10)
FNDA:3,(anonymous_11)
FNDA:3,(anonymous_12)
DA:3,2
DA:4,6
DA:5,9
DA:6,6
DA:7,0
DA:8,15
DA:9,9
DA:12,2
DA:13,2
DA:15,2
DA:18,6
DA:19,6
DA:20,6
DA:21,3
DA:22,3
DA:24,6
DA:28,6
DA:31,3
DA:32,3
DA:33,3
DA:34,3
DA:38,3
DA:41,2
DA:42,2
LF:24
LH:23
BRDA:3,0,0,2
BRDA:3,0,1,2
BRDA:3,0,2,2
BRDA:4,1,0,6
BRDA:4,1,1,0
BRDA:5,2,0,9
BRDA:5,2,1,9
BRDA:8,3,0,9
BRDA:8,3,1,6
BRDA:9,4,0,9
BRDA:9,4,1,9
BRDA:20,5,0,3
BRDA:20,5,1,3
BRF:13
BRH:12
end_of_record
TN:
SF:src/Contexts/Shared/infrastructure/persistence/mongo/MongoRepository.ts
FN:2,(anonymous_0)
FN:3,adopt
FN:3,(anonymous_2)
FN:4,(anonymous_3)
FN:5,fulfilled
FN:6,rejected
FN:7,step
FN:14,(anonymous_7)
FN:17,(anonymous_8)
FN:20,(anonymous_9)
FN:21,(anonymous_10)
FN:25,(anonymous_11)
FN:26,(anonymous_12)
FNF:13
FNH:10
FNDA:3,(anonymous_0)
FNDA:4,adopt
FNDA:0,(anonymous_2)
FNDA:3,(anonymous_3)
FNDA:4,fulfilled
FNDA:0,rejected
FNDA:7,step
FNDA:1,(anonymous_7)
FNDA:0,(anonymous_8)
FNDA:2,(anonymous_9)
FNDA:2,(anonymous_10)
FNDA:1,(anonymous_11)
FNDA:1,(anonymous_12)
DA:2,1
DA:3,4
DA:4,3
DA:5,4
DA:6,0
DA:7,7
DA:8,3
DA:11,1
DA:12,1
DA:15,1
DA:18,0
DA:21,2
DA:22,2
DA:26,1
DA:27,1
DA:28,1
DA:29,1
DA:33,1
LF:18
LH:16
BRDA:2,0,0,1
BRDA:2,0,1,1
BRDA:2,0,2,1
BRDA:3,1,0,4
BRDA:3,1,1,0
BRDA:4,2,0,3
BRDA:4,2,1,3
BRDA:7,3,0,3
BRDA:7,3,1,4
BRDA:8,4,0,3
BRDA:8,4,1,3
BRF:11
BRH:10
end_of_record
TN:
SF:src/Contexts/Shared/infrastructure/utils/jwt/auth0.ts
FN:2,(anonymous_0)
FN:12,(anonymous_1)
FN:18,(anonymous_2)
FNF:3
FNH:3
FNDA:2,(anonymous_0)
FNDA:1,(anonymous_1)
FNDA:1,(anonymous_2)
DA:2,1
DA:3,2
DA:5,1
DA:6,1
DA:7,1
DA:8,1
DA:9,1
DA:10,1
DA:13,1
DA:14,1
DA:19,1
DA:20,1
DA:21,1
DA:24,0
DA:25,0
DA:29,1
LF:16
LH:14
BRDA:2,0,0,1
BRDA:2,0,1,1
BRDA:2,0,2,1
BRDA:3,1,0,1
BRDA:3,1,1,1
BRDA:3,2,0,2
BRDA:3,2,1,2
BRF:7
BRH:7
end_of_record
TN:
SF:src/Contexts/Shared/infrastructure/utils/logger/Logger.ts
FN:2,(anonymous_0)
FN:6,(anonymous_1)
FN:9,(anonymous_2)
FN:13,(anonymous_3)
FN:15,(anonymous_4)
FN:18,(anonymous_5)
FN:25,(anonymous_6)
FN:36,(anonymous_7)
FN:39,(anonymous_8)
FN:42,(anonymous_9)
FNF:10
FNH:5
FNDA:37,(anonymous_0)
FNDA:6,(anonymous_1)
FNDA:0,(anonymous_2)
FNDA:1,(anonymous_3)
FNDA:0,(anonymous_4)
FNDA:1,(anonymous_5)
FNDA:1,(anonymous_6)
FNDA:0,(anonymous_7)
FNDA:0,(anonymous_8)
FNDA:0,(anonymous_9)
DA:2,1
DA:3,37
DA:4,37
DA:5,37
DA:6,37
DA:8,37
DA:10,0
DA:11,0
DA:13,1
DA:14,1
DA:16,0
DA:18,1
DA:19,1
DA:20,1
DA:21,37
DA:22,1
DA:23,1
DA:25,1
DA:26,1
DA:28,1
DA:29,1
DA:30,1
DA:31,1
DA:32,1
DA:37,0
DA:40,0
DA:43,0
DA:46,1
DA:47,1
LF:29
LH:23
BRDA:2,0,0,1
BRDA:2,0,1,1
BRDA:2,0,2,1
BRDA:2,1,0,1
BRDA:2,1,1,0
BRDA:3,2,0,37
BRDA:3,2,1,0
BRDA:5,3,0,37
BRDA:5,3,1,0
BRDA:5,4,0,37
BRDA:5,4,1,37
BRDA:5,5,0,0
BRDA:5,5,1,37
BRDA:5,6,0,37
BRDA:5,6,1,0
BRDA:10,7,0,0
BRDA:10,7,1,0
BRDA:13,8,0,1
BRDA:13,8,1,1
BRDA:13,8,2,1
BRDA:13,9,0,1
BRDA:13,9,1,0
BRDA:18,10,0,1
BRDA:18,10,1,1
BRDA:18,10,2,1
BRDA:19,11,0,0
BRDA:19,11,1,1
BRDA:19,12,0,1
BRDA:19,12,1,1
BRDA:21,13,0,1
BRDA:21,13,1,0
BRDA:21,14,0,37
BRDA:21,14,1,0
BRDA:21,15,0,37
BRDA:21,15,1,37
BRDA:25,16,0,1
BRDA:25,16,1,1
BRDA:25,16,2,1
BRDA:26,17,0,1
BRDA:26,17,1,0
BRDA:26,18,0,1
BRDA:26,18,1,1
BRF:42
BRH:30
end_of_record
TN:
SF:src/apps/auth/backend/controllers/StatusGetController.ts
FN:2,(anonymous_0)
FN:3,adopt
FN:3,(anonymous_2)
FN:4,(anonymous_3)
FN:5,fulfilled
FN:6,rejected
FN:7,step
FN:11,(anonymous_7)
FN:17,(anonymous_8)
FN:18,(anonymous_9)
FNF:10
FNH:1
FNDA:0,(anonymous_0)
FNDA:0,adopt
FNDA:0,(anonymous_2)
FNDA:0,(anonymous_3)
FNDA:0,fulfilled
FNDA:0,rejected
FNDA:0,step
FNDA:1,(anonymous_7)
FNDA:0,(anonymous_8)
FNDA:0,(anonymous_9)
DA:2,1
DA:3,0
DA:4,0
DA:5,0
DA:6,0
DA:7,0
DA:8,0
DA:11,1
DA:12,1
DA:14,1
DA:15,1
DA:18,0
DA:19,0
DA:23,1
LF:14
LH:6
BRDA:2,0,0,1
BRDA:2,0,1,1
BRDA:2,0,2,1
BRDA:3,1,0,0
BRDA:3,1,1,0
BRDA:4,2,0,0
BRDA:4,2,1,0
BRDA:7,3,0,0
BRDA:7,3,1,0
BRDA:8,4,0,0
BRDA:8,4,1,0
BRDA:11,5,0,1
BRDA:11,5,1,1
BRDA:11,5,2,1
BRDA:12,6,0,0
BRDA:12,6,1,1
BRDA:12,7,0,1
BRDA:12,7,1,1
BRF:18
BRH:9
end_of_record
TN:
SF:src/apps/auth/backend/controllers/UserLoginController.ts
FN:2,(anonymous_0)
FN:3,adopt
FN:3,(anonymous_2)
FN:4,(anonymous_3)
FN:5,fulfilled
FN:6,rejected
FN:7,step
FN:11,(anonymous_7)
FN:18,(anonymous_8)
FN:20,(anonymous_9)
FN:21,(anonymous_10)
FNF:11
FNH:1
FNDA:0,(anonymous_0)
FNDA:0,adopt
FNDA:0,(anonymous_2)
FNDA:0,(anonymous_3)
FNDA:0,fulfilled
FNDA:0,rejected
FNDA:0,step
FNDA:1,(anonymous_7)
FNDA:0,(anonymous_8)
FNDA:0,(anonymous_9)
FNDA:0,(anonymous_10)
DA:2,1
DA:3,0
DA:4,0
DA:5,0
DA:6,0
DA:7,0
DA:8,0
DA:11,1
DA:12,1
DA:14,1
DA:15,1
DA:16,1
DA:21,0
DA:22,0
DA:26,1
LF:15
LH:7
BRDA:2,0,0,1
BRDA:2,0,1,1
BRDA:2,0,2,1
BRDA:3,1,0,0
BRDA:3,1,1,0
BRDA:4,2,0,0
BRDA:4,2,1,0
BRDA:7,3,0,0
BRDA:7,3,1,0
BRDA:8,4,0,0
BRDA:8,4,1,0
BRDA:11,5,0,1
BRDA:11,5,1,1
BRDA:11,5,2,1
BRDA:12,6,0,0
BRDA:12,6,1,1
BRDA:12,7,0,1
BRDA:12,7,1,1
BRF:18
BRH:9
end_of_record
TN:
SF:src/apps/auth/backend/controllers/UserPostController.ts
FN:2,(anonymous_0)
FN:3,adopt
FN:3,(anonymous_2)
FN:4,(anonymous_3)
FN:5,fulfilled
FN:6,rejected
FN:7,step
FN:11,(anonymous_7)
FN:18,(anonymous_8)
FN:21,(anonymous_9)
FN:22,(anonymous_10)
FNF:11
FNH:1
FNDA:0,(anonymous_0)
FNDA:0,adopt
FNDA:0,(anonymous_2)
FNDA:0,(anonymous_3)
FNDA:0,fulfilled
FNDA:0,rejected
FNDA:0,step
FNDA:1,(anonymous_7)
FNDA:0,(anonymous_8)
FNDA:0,(anonymous_9)
FNDA:0,(anonymous_10)
DA:2,1
DA:3,0
DA:4,0
DA:5,0
DA:6,0
DA:7,0
DA:8,0
DA:11,1
DA:12,1
DA:14,1
DA:15,1
DA:16,1
DA:19,0
DA:22,0
DA:23,0
DA:24,0
DA:25,0
DA:27,0
DA:30,0
DA:31,0
DA:36,1
LF:21
LH:7
BRDA:2,0,0,1
BRDA:2,0,1,1
BRDA:2,0,2,1
BRDA:3,1,0,0
BRDA:3,1,1,0
BRDA:4,2,0,0
BRDA:4,2,1,0
BRDA:7,3,0,0
BRDA:7,3,1,0
BRDA:8,4,0,0
BRDA:8,4,1,0
BRDA:11,5,0,1
BRDA:11,5,1,1
BRDA:11,5,2,1
BRDA:12,6,0,0
BRDA:12,6,1,1
BRDA:12,7,0,1
BRDA:12,7,1,1
BRF:18
BRH:9
end_of_record
TN:
SF:src/apps/auth/backend/dependency-injection/index.ts
FNF:0
FNH:0
DA:2,1
DA:3,1
DA:4,1
DA:5,1
DA:6,1
DA:7,1
DA:8,1
LF:7
LH:7
BRDA:6,0,0,1
BRDA:6,0,1,0
BRF:2
BRH:1
end_of_record
TN:
SF:tests/Contexts/Auth/Users/application/CreateLoginRequestMother.ts
FN:7,(anonymous_0)
FN:13,(anonymous_1)
FNF:2
FNH:1
FNDA:1,(anonymous_0)
FNDA:0,(anonymous_1)
DA:2,1
DA:3,1
DA:4,1
DA:5,1
DA:8,1
DA:14,0
DA:17,1
LF:7
LH:6
BRF:0
BRH:0
end_of_record
TN:
SF:tests/Contexts/Auth/Users/application/CreateUserRequestMother.ts
FN:11,(anonymous_0)
FN:24,(anonymous_1)
FN:32,(anonymous_2)
FN:40,(anonymous_3)
FNF:4
FNH:2
FNDA:2,(anonymous_0)
FNDA:2,(anonymous_1)
FNDA:0,(anonymous_2)
FNDA:0,(anonymous_3)
DA:2,2
DA:3,2
DA:4,2
DA:5,2
DA:6,2
DA:7,2
DA:8,2
DA:9,2
DA:12,2
DA:25,2
DA:33,0
DA:41,0
DA:48,2
LF:13
LH:11
BRF:0
BRH:0
end_of_record
TN:
SF:tests/Contexts/Auth/Users/domain/UserCountryMother.ts
FN:6,(anonymous_0)
FN:9,(anonymous_1)
FNF:2
FNH:2
FNDA:3,(anonymous_0)
FNDA:3,(anonymous_1)
DA:2,3
DA:3,3
DA:4,3
DA:7,3
DA:10,3
DA:13,3
LF:6
LH:6
BRF:0
BRH:0
end_of_record
TN:
SF:tests/Contexts/Auth/Users/domain/UserEmailMother.ts
FN:7,(anonymous_0)
FN:10,(anonymous_1)
FNF:2
FNH:2
FNDA:3,(anonymous_0)
FNDA:3,(anonymous_1)
DA:2,3
DA:3,3
DA:4,3
DA:5,3
DA:8,3
DA:11,3
DA:14,3
LF:7
LH:7
BRF:0
BRH:0
end_of_record
TN:
SF:tests/Contexts/Auth/Users/domain/UserFirstNameMother.ts
FN:7,(anonymous_0)
FN:10,(anonymous_1)
FNF:2
FNH:2
FNDA:3,(anonymous_0)
FNDA:3,(anonymous_1)
DA:2,3
DA:3,3
DA:4,3
DA:5,3
DA:8,3
DA:11,3
DA:14,3
LF:7
LH:7
BRF:0
BRH:0
end_of_record
TN:
SF:tests/Contexts/Auth/Users/domain/UserLastNameMother.ts
FN:7,(anonymous_0)
FN:10,(anonymous_1)
FNF:2
FNH:2
FNDA:3,(anonymous_0)
FNDA:3,(anonymous_1)
DA:2,3
DA:3,3
DA:4,3
DA:5,3
DA:8,3
DA:11,3
DA:14,3
LF:7
LH:7
BRF:0
BRH:0
end_of_record
TN:
SF:tests/Contexts/Auth/Users/domain/UserMother.ts
FN:24,(anonymous_0)
FN:27,(anonymous_1)
FN:30,(anonymous_2)
FNF:3
FNH:3
FNDA:5,(anonymous_0)
FNDA:2,(anonymous_1)
FNDA:3,(anonymous_2)
DA:2,3
DA:3,3
DA:4,3
DA:5,3
DA:6,3
DA:7,3
DA:8,3
DA:9,3
DA:10,3
DA:11,3
DA:12,3
DA:13,3
DA:14,3
DA:15,3
DA:16,3
DA:17,3
DA:18,3
DA:19,3
DA:20,3
DA:21,3
DA:22,3
DA:25,5
DA:28,2
DA:31,3
DA:34,3
LF:25
LH:25
BRF:0
BRH:0
end_of_record
TN:
SF:tests/Contexts/Auth/Users/domain/UserNameMother.ts
FN:7,(anonymous_0)
FN:10,(anonymous_1)
FNF:2
FNH:2
FNDA:3,(anonymous_0)
FNDA:3,(anonymous_1)
DA:2,3
DA:3,3
DA:4,3
DA:5,3
DA:8,3
DA:11,3
DA:14,3
LF:7
LH:7
BRF:0
BRH:0
end_of_record
TN:
SF:tests/Contexts/Auth/Users/domain/UserPasswordMother.ts
FN:7,(anonymous_0)
FN:10,(anonymous_1)
FNF:2
FNH:2
FNDA:3,(anonymous_0)
FNDA:3,(anonymous_1)
DA:2,3
DA:3,3
DA:4,3
DA:5,3
DA:8,3
DA:11,3
DA:14,3
LF:7
LH:7
BRF:0
BRH:0
end_of_record
TN:
SF:tests/Contexts/Auth/Users/domain/UserPhoneMother.ts
FN:7,(anonymous_0)
FN:10,(anonymous_1)
FNF:2
FNH:2
FNDA:3,(anonymous_0)
FNDA:3,(anonymous_1)
DA:2,3
DA:3,3
DA:4,3
DA:5,3
DA:8,3
DA:11,3
DA:14,3
LF:7
LH:7
BRF:0
BRH:0
end_of_record
TN:
SF:tests/Contexts/Auth/Users/domain/UserRolesMother.ts
FN:6,(anonymous_0)
FN:9,(anonymous_1)
FN:12,(anonymous_2)
FNF:3
FNH:2
FNDA:3,(anonymous_0)
FNDA:0,(anonymous_1)
FNDA:3,(anonymous_2)
DA:2,3
DA:3,3
DA:4,3
DA:7,3
DA:10,0
DA:13,3
DA:16,3
LF:7
LH:6
BRF:0
BRH:0
end_of_record
TN:
SF:tests/Contexts/Auth/Users/mocks/UserRepositoryMock.ts
FN:2,(anonymous_0)
FN:3,adopt
FN:3,(anonymous_2)
FN:4,(anonymous_3)
FN:5,fulfilled
FN:6,rejected
FN:7,step
FN:16,(anonymous_7)
FN:20,(anonymous_8)
FN:21,(anonymous_9)
FN:25,(anonymous_10)
FN:28,(anonymous_11)
FN:31,(anonymous_12)
FN:37,(anonymous_13)
FNF:14
FNH:9
FNDA:1,(anonymous_0)
FNDA:0,adopt
FNDA:0,(anonymous_2)
FNDA:1,(anonymous_3)
FNDA:0,fulfilled
FNDA:0,rejected
FNDA:1,step
FNDA:2,(anonymous_7)
FNDA:1,(anonymous_8)
FNDA:1,(anonymous_9)
FNDA:0,(anonymous_10)
FNDA:1,(anonymous_11)
FNDA:1,(anonymous_12)
FNDA:1,(anonymous_13)
DA:2,2
DA:3,0
DA:4,1
DA:5,0
DA:6,0
DA:7,1
DA:8,1
DA:11,2
DA:12,2
DA:13,2
DA:14,2
DA:17,2
DA:18,2
DA:21,1
DA:22,1
DA:26,0
DA:29,1
DA:32,1
DA:33,1
DA:34,1
DA:35,1
DA:38,1
DA:41,2
LF:23
LH:19
BRDA:2,0,0,2
BRDA:2,0,1,2
BRDA:2,0,2,2
BRDA:3,1,0,0
BRDA:3,1,1,0
BRDA:4,2,0,1
BRDA:4,2,1,1
BRDA:7,3,0,1
BRDA:7,3,1,0
BRDA:8,4,0,1
BRDA:8,4,1,1
BRF:11
BRH:8
end_of_record
TN:
SF:tests/Contexts/Auth/shared/domain/Auth/UserIdMother.ts
FN:7,(anonymous_0)
FN:10,(anonymous_1)
FNF:2
FNH:2
FNDA:3,(anonymous_0)
FNDA:3,(anonymous_1)
DA:2,3
DA:3,3
DA:4,3
DA:5,3
DA:8,3
DA:11,3
DA:14,3
LF:7
LH:7
BRF:0
BRH:0
end_of_record
TN:
SF:tests/Contexts/Shared/domain/EmailMother.ts
FN:2,(anonymous_0)
FN:6,(anonymous_1)
FN:9,(anonymous_2)
FN:13,(anonymous_3)
FN:15,(anonymous_4)
FN:18,(anonymous_5)
FN:29,(anonymous_6)
FNF:7
FNH:5
FNDA:84,(anonymous_0)
FNDA:5,(anonymous_1)
FNDA:0,(anonymous_2)
FNDA:3,(anonymous_3)
FNDA:0,(anonymous_4)
FNDA:3,(anonymous_5)
FNDA:5,(anonymous_6)
DA:2,3
DA:3,84
DA:4,84
DA:5,84
DA:6,84
DA:8,84
DA:10,0
DA:11,0
DA:13,3
DA:14,3
DA:16,0
DA:18,3
DA:19,3
DA:20,3
DA:21,90
DA:22,3
DA:23,3
DA:25,3
DA:26,3
DA:27,3
DA:30,5
DA:33,3
LF:22
LH:19
BRDA:2,0,0,3
BRDA:2,0,1,3
BRDA:2,0,2,3
BRDA:2,1,0,3
BRDA:2,1,1,0
BRDA:3,2,0,84
BRDA:3,2,1,0
BRDA:5,3,0,84
BRDA:5,3,1,0
BRDA:5,4,0,84
BRDA:5,4,1,84
BRDA:5,5,0,0
BRDA:5,5,1,84
BRDA:5,6,0,84
BRDA:5,6,1,0
BRDA:10,7,0,0
BRDA:10,7,1,0
BRDA:13,8,0,3
BRDA:13,8,1,3
BRDA:13,8,2,3
BRDA:13,9,0,3
BRDA:13,9,1,0
BRDA:18,10,0,3
BRDA:18,10,1,3
BRDA:18,10,2,3
BRDA:19,11,0,0
BRDA:19,11,1,3
BRDA:19,12,0,3
BRDA:19,12,1,3
BRDA:21,13,0,3
BRDA:21,13,1,0
BRDA:21,14,0,84
BRDA:21,14,1,6
BRDA:21,15,0,90
BRDA:21,15,1,90
BRF:35
BRH:25
end_of_record
TN:
SF:tests/Contexts/Shared/domain/LastNameMother.ts
FN:2,(anonymous_0)
FN:6,(anonymous_1)
FN:9,(anonymous_2)
FN:13,(anonymous_3)
FN:15,(anonymous_4)
FN:18,(anonymous_5)
FN:29,(anonymous_6)
FNF:7
FNH:5
FNDA:56,(anonymous_0)
FNDA:2,(anonymous_1)
FNDA:0,(anonymous_2)
FNDA:2,(anonymous_3)
FNDA:0,(anonymous_4)
FNDA:2,(anonymous_5)
FNDA:2,(anonymous_6)
DA:2,2
DA:3,56
DA:4,56
DA:5,56
DA:6,56
DA:8,56
DA:10,0
DA:11,0
DA:13,2
DA:14,2
DA:16,0
DA:18,2
DA:19,2
DA:20,2
DA:21,60
DA:22,2
DA:23,2
DA:25,2
DA:26,2
DA:27,2
DA:30,2
DA:33,2
LF:22
LH:19
BRDA:2,0,0,2
BRDA:2,0,1,2
BRDA:2,0,2,2
BRDA:2,1,0,2
BRDA:2,1,1,0
BRDA:3,2,0,56
BRDA:3,2,1,0
BRDA:5,3,0,56
BRDA:5,3,1,0
BRDA:5,4,0,56
BRDA:5,4,1,56
BRDA:5,5,0,0
BRDA:5,5,1,56
BRDA:5,6,0,56
BRDA:5,6,1,0
BRDA:10,7,0,0
BRDA:10,7,1,0
BRDA:13,8,0,2
BRDA:13,8,1,2
BRDA:13,8,2,2
BRDA:13,9,0,2
BRDA:13,9,1,0
BRDA:18,10,0,2
BRDA:18,10,1,2
BRDA:18,10,2,2
BRDA:19,11,0,0
BRDA:19,11,1,2
BRDA:19,12,0,2
BRDA:19,12,1,2
BRDA:21,13,0,2
BRDA:21,13,1,0
BRDA:21,14,0,56
BRDA:21,14,1,4
BRDA:21,15,0,60
BRDA:21,15,1,60
BRF:35
BRH:25
end_of_record
TN:
SF:tests/Contexts/Shared/domain/NameMother.ts
FN:2,(anonymous_0)
FN:6,(anonymous_1)
FN:9,(anonymous_2)
FN:13,(anonymous_3)
FN:15,(anonymous_4)
FN:18,(anonymous_5)
FN:29,(anonymous_6)
FNF:7
FNH:5
FNDA:84,(anonymous_0)
FNDA:13,(anonymous_1)
FNDA:0,(anonymous_2)
FNDA:3,(anonymous_3)
FNDA:0,(anonymous_4)
FNDA:3,(anonymous_5)
FNDA:13,(anonymous_6)
DA:2,3
DA:3,84
DA:4,84
DA:5,84
DA:6,84
DA:8,84
DA:10,0
DA:11,0
DA:13,3
DA:14,3
DA:16,0
DA:18,3
DA:19,3
DA:20,3
DA:21,90
DA:22,3
DA:23,3
DA:25,3
DA:26,3
DA:27,3
DA:30,13
DA:33,3
LF:22
LH:19
BRDA:2,0,0,3
BRDA:2,0,1,3
BRDA:2,0,2,3
BRDA:2,1,0,3
BRDA:2,1,1,0
BRDA:3,2,0,84
BRDA:3,2,1,0
BRDA:5,3,0,84
BRDA:5,3,1,0
BRDA:5,4,0,84
BRDA:5,4,1,84
BRDA:5,5,0,0
BRDA:5,5,1,84
BRDA:5,6,0,84
BRDA:5,6,1,0
BRDA:10,7,0,0
BRDA:10,7,1,0
BRDA:13,8,0,3
BRDA:13,8,1,3
BRDA:13,8,2,3
BRDA:13,9,0,3
BRDA:13,9,1,0
BRDA:18,10,0,3
BRDA:18,10,1,3
BRDA:18,10,2,3
BRDA:19,11,0,0
BRDA:19,11,1,3
BRDA:19,12,0,3
BRDA:19,12,1,3
BRDA:21,13,0,3
BRDA:21,13,1,0
BRDA:21,14,0,84
BRDA:21,14,1,6
BRDA:21,15,0,90
BRDA:21,15,1,90
BRF:35
BRH:25
end_of_record
TN:
SF:tests/Contexts/Shared/domain/PasswordMother.ts
FN:2,(anonymous_0)
FN:6,(anonymous_1)
FN:9,(anonymous_2)
FN:13,(anonymous_3)
FN:15,(anonymous_4)
FN:18,(anonymous_5)
FN:29,(anonymous_6)
FNF:7
FNH:5
FNDA:84,(anonymous_0)
FNDA:5,(anonymous_1)
FNDA:0,(anonymous_2)
FNDA:3,(anonymous_3)
FNDA:0,(anonymous_4)
FNDA:3,(anonymous_5)
FNDA:5,(anonymous_6)
DA:2,3
DA:3,84
DA:4,84
DA:5,84
DA:6,84
DA:8,84
DA:10,0
DA:11,0
DA:13,3
DA:14,3
DA:16,0
DA:18,3
DA:19,3
DA:20,3
DA:21,90
DA:22,3
DA:23,3
DA:25,3
DA:26,3
DA:27,3
DA:30,5
DA:33,3
LF:22
LH:19
BRDA:2,0,0,3
BRDA:2,0,1,3
BRDA:2,0,2,3
BRDA:2,1,0,3
BRDA:2,1,1,0
BRDA:3,2,0,84
BRDA:3,2,1,0
BRDA:5,3,0,84
BRDA:5,3,1,0
BRDA:5,4,0,84
BRDA:5,4,1,84
BRDA:5,5,0,0
BRDA:5,5,1,84
BRDA:5,6,0,84
BRDA:5,6,1,0
BRDA:10,7,0,0
BRDA:10,7,1,0
BRDA:13,8,0,3
BRDA:13,8,1,3
BRDA:13,8,2,3
BRDA:13,9,0,3
BRDA:13,9,1,0
BRDA:18,10,0,3
BRDA:18,10,1,3
BRDA:18,10,2,3
BRDA:19,11,0,0
BRDA:19,11,1,3
BRDA:19,12,0,3
BRDA:19,12,1,3
BRDA:21,13,0,3
BRDA:21,13,1,0
BRDA:21,14,0,84
BRDA:21,14,1,6
BRDA:21,15,0,90
BRDA:21,15,1,90
BRDA:29,16,0,0
BRF:36
BRH:25
end_of_record
TN:
SF:tests/Contexts/Shared/domain/PhoneMother.ts
FN:2,(anonymous_0)
FN:6,(anonymous_1)
FN:9,(anonymous_2)
FN:13,(anonymous_3)
FN:15,(anonymous_4)
FN:18,(anonymous_5)
FN:29,(anonymous_6)
FNF:7
FNH:5
FNDA:84,(anonymous_0)
FNDA:5,(anonymous_1)
FNDA:0,(anonymous_2)
FNDA:3,(anonymous_3)
FNDA:0,(anonymous_4)
FNDA:3,(anonymous_5)
FNDA:5,(anonymous_6)
DA:2,3
DA:3,84
DA:4,84
DA:5,84
DA:6,84
DA:8,84
DA:10,0
DA:11,0
DA:13,3
DA:14,3
DA:16,0
DA:18,3
DA:19,3
DA:20,3
DA:21,90
DA:22,3
DA:23,3
DA:25,3
DA:26,3
DA:27,3
DA:30,5
DA:33,3
LF:22
LH:19
BRDA:2,0,0,3
BRDA:2,0,1,3
BRDA:2,0,2,3
BRDA:2,1,0,3
BRDA:2,1,1,0
BRDA:3,2,0,84
BRDA:3,2,1,0
BRDA:5,3,0,84
BRDA:5,3,1,0
BRDA:5,4,0,84
BRDA:5,4,1,84
BRDA:5,5,0,0
BRDA:5,5,1,84
BRDA:5,6,0,84
BRDA:5,6,1,0
BRDA:10,7,0,0
BRDA:10,7,1,0
BRDA:13,8,0,3
BRDA:13,8,1,3
BRDA:13,8,2,3
BRDA:13,9,0,3
BRDA:13,9,1,0
BRDA:18,10,0,3
BRDA:18,10,1,3
BRDA:18,10,2,3
BRDA:19,11,0,0
BRDA:19,11,1,3
BRDA:19,12,0,3
BRDA:19,12,1,3
BRDA:21,13,0,3
BRDA:21,13,1,0
BRDA:21,14,0,84
BRDA:21,14,1,6
BRDA:21,15,0,90
BRDA:21,15,1,90
BRF:35
BRH:25
end_of_record
TN:
SF:tests/Contexts/Shared/domain/UuidMother.ts
FN:2,(anonymous_0)
FN:6,(anonymous_1)
FN:9,(anonymous_2)
FN:13,(anonymous_3)
FN:15,(anonymous_4)
FN:18,(anonymous_5)
FN:29,(anonymous_6)
FNF:7
FNH:5
FNDA:84,(anonymous_0)
FNDA:5,(anonymous_1)
FNDA:0,(anonymous_2)
FNDA:3,(anonymous_3)
FNDA:0,(anonymous_4)
FNDA:3,(anonymous_5)
FNDA:5,(anonymous_6)
DA:2,3
DA:3,84
DA:4,84
DA:5,84
DA:6,84
DA:8,84
DA:10,0
DA:11,0
DA:13,3
DA:14,3
DA:16,0
DA:18,3
DA:19,3
DA:20,3
DA:21,90
DA:22,3
DA:23,3
DA:25,3
DA:26,3
DA:27,3
DA:30,5
DA:33,3
LF:22
LH:19
BRDA:2,0,0,3
BRDA:2,0,1,3
BRDA:2,0,2,3
BRDA:2,1,0,3
BRDA:2,1,1,0
BRDA:3,2,0,84
BRDA:3,2,1,0
BRDA:5,3,0,84
BRDA:5,3,1,0
BRDA:5,4,0,84
BRDA:5,4,1,84
BRDA:5,5,0,0
BRDA:5,5,1,84
BRDA:5,6,0,84
BRDA:5,6,1,0
BRDA:10,7,0,0
BRDA:10,7,1,0
BRDA:13,8,0,3
BRDA:13,8,1,3
BRDA:13,8,2,3
BRDA:13,9,0,3
BRDA:13,9,1,0
BRDA:18,10,0,3
BRDA:18,10,1,3
BRDA:18,10,2,3
BRDA:19,11,0,0
BRDA:19,11,1,3
BRDA:19,12,0,3
BRDA:19,12,1,3
BRDA:21,13,0,3
BRDA:21,13,1,0
BRDA:21,14,0,84
BRDA:21,14,1,6
BRDA:21,15,0,90
BRDA:21,15,1,90
BRF:35
BRH:25
end_of_record
TN:
SF:tests/Contexts/Shared/infrastructure/arranger/EnvironmentArranger.ts
FNF:0
FNH:0
DA:2,1
DA:3,1
DA:6,1
LF:3
LH:3
BRF:0
BRH:0
end_of_record
TN:
SF:tests/Contexts/Shared/infrastructure/mongo/MongoEnvironmentArranger.ts
FN:2,(anonymous_0)
FN:3,adopt
FN:3,(anonymous_2)
FN:4,(anonymous_3)
FN:5,fulfilled
FN:6,rejected
FN:7,step
FN:15,(anonymous_7)
FN:19,(anonymous_8)
FN:20,(anonymous_9)
FN:24,(anonymous_10)
FN:25,(anonymous_11)
FN:33,(anonymous_12)
FN:34,(anonymous_13)
FN:37,(anonymous_14)
FN:40,(anonymous_15)
FN:43,(anonymous_16)
FN:44,(anonymous_17)
FNF:18
FNH:16
FNDA:7,(anonymous_0)
FNDA:13,adopt
FNDA:0,(anonymous_2)
FNDA:7,(anonymous_3)
FNDA:13,fulfilled
FNDA:0,rejected
FNDA:20,step
FNDA:1,(anonymous_7)
FNDA:2,(anonymous_8)
FNDA:2,(anonymous_9)
FNDA:2,(anonymous_10)
FNDA:2,(anonymous_11)
FNDA:2,(anonymous_12)
FNDA:2,(anonymous_13)
FNDA:2,(anonymous_14)
FNDA:5,(anonymous_15)
FNDA:1,(anonymous_16)
FNDA:1,(anonymous_17)
DA:2,1
DA:3,13
DA:4,7
DA:5,13
DA:6,0
DA:7,20
DA:8,7
DA:11,1
DA:12,1
DA:13,1
DA:16,1
DA:17,1
DA:20,2
DA:21,2
DA:25,2
DA:26,2
DA:27,2
DA:28,2
DA:29,2
DA:34,2
DA:35,2
DA:36,2
DA:37,2
DA:41,5
DA:44,1
DA:45,1
DA:49,1
LF:27
LH:26
BRDA:2,0,0,1
BRDA:2,0,1,1
BRDA:2,0,2,1
BRDA:3,1,0,13
BRDA:3,1,1,0
BRDA:4,2,0,7
BRDA:4,2,1,7
BRDA:7,3,0,7
BRDA:7,3,1,13
BRDA:8,4,0,7
BRDA:8,4,1,7
BRF:11
BRH:10
end_of_record
